2020-03-11 23:21:41,266 [INFO   ] [APP] chad started with arguments={run.py}
2020-03-11 23:21:41,267 [INFO   ] [APP] configuration={"Execution":{"Host":"127.0.0.1","Port":12345},"Information":{"AllowBroadcast":false,"Interface":"0.0.0.0","ListenAddress":"239.255.1.1","Port":12346},"TeamName":"Chad","Secret":"12345"}
2020-03-11 23:22:00,906 [WARNING] [TRADER] Below is the active order history:
2020-03-11 23:22:00,906 [WARNING] [TRADER] {}
2020-03-11 23:22:00,906 [WARNING] [TRADER] Below is the active order history:
2020-03-11 23:22:00,907 [WARNING] [TRADER] {}
2020-03-11 23:22:01,029 [WARNING] [TRADER] Below is the active order history:
2020-03-11 23:22:01,029 [WARNING] [TRADER] {}
2020-03-11 23:22:01,029 [WARNING] [TRADER] We bought!
2020-03-11 23:22:01,031 [WARNING] [TRADER] Below is the active order history:
2020-03-11 23:22:01,031 [WARNING] [TRADER] {1: (1, 1)}
2020-03-11 23:22:01,035 [WARNING] [TRADER] error with order 1: order rejected: invalid volume
2020-03-11 23:22:01,035 [WARNING] [TRADER] Total fees: 0.000000
2020-03-11 23:22:01,279 [WARNING] [TRADER] Below is the active order history:
2020-03-11 23:22:01,279 [WARNING] [TRADER] {}
2020-03-11 23:22:01,280 [WARNING] [TRADER] We bought!
2020-03-11 23:22:01,280 [WARNING] [TRADER] We sold!
2020-03-11 23:22:01,281 [WARNING] [TRADER] Below is the active order history:
2020-03-11 23:22:01,282 [WARNING] [TRADER] {3: (3, 1), 4: (4, 1)}
2020-03-11 23:22:01,286 [WARNING] [TRADER] Total fees: 0.000000
2020-03-11 23:22:01,287 [WARNING] [TRADER] Total fees: 68.000000
2020-03-11 23:22:01,287 [WARNING] [TRADER] Our position is: 0
2020-03-11 23:22:01,530 [WARNING] [TRADER] Below is the active order history:
2020-03-11 23:22:01,530 [WARNING] [TRADER] {3: (3, 2)}
2020-03-11 23:22:01,531 [WARNING] [TRADER] We bought!
2020-03-11 23:22:01,531 [WARNING] [TRADER] We sold!
2020-03-11 23:22:01,532 [WARNING] [TRADER] Below is the active order history:
2020-03-11 23:22:01,532 [WARNING] [TRADER] {3: (3, 3), 5: (5, 1), 6: (6, 1)}
2020-03-11 23:22:01,537 [WARNING] [TRADER] Total fees: 68.000000
2020-03-11 23:22:01,538 [WARNING] [TRADER] Total fees: 273.000000
2020-03-11 23:22:01,538 [WARNING] [TRADER] Our position is: -1
2020-03-11 23:22:01,538 [WARNING] [TRADER] Total fees: 273.000000
2020-03-11 23:22:01,777 [WARNING] [TRADER] Total fees: 239.000000
2020-03-11 23:22:01,778 [WARNING] [TRADER] Our position is: -4
2020-03-11 23:22:01,778 [WARNING] [TRADER] Below is the active order history:
2020-03-11 23:22:01,778 [WARNING] [TRADER] {5: (5, 0)}
2020-03-11 23:22:01,778 [WARNING] [TRADER] We bought!
2020-03-11 23:22:01,778 [WARNING] [TRADER] We sold!
2020-03-11 23:22:01,778 [WARNING] [TRADER] Below is the active order history:
2020-03-11 23:22:01,778 [WARNING] [TRADER] {5: (5, 1), 7: (7, 1), 8: (8, 1)}
2020-03-11 23:22:01,779 [WARNING] [TRADER] Total fees: 239.000000
2020-03-11 23:22:01,779 [WARNING] [TRADER] Total fees: 307.000000
2020-03-11 23:22:01,779 [WARNING] [TRADER] Our position is: -3
2020-03-11 23:22:02,027 [WARNING] [TRADER] Total fees: 307.000000
2020-03-11 23:22:02,027 [WARNING] [TRADER] Our position is: -4
2020-03-11 23:22:02,028 [WARNING] [TRADER] Total fees: 239.000000
2020-03-11 23:22:02,028 [WARNING] [TRADER] Our position is: -6
2020-03-11 23:22:02,028 [WARNING] [TRADER] Total fees: 137.000000
2020-03-11 23:22:02,028 [WARNING] [TRADER] Our position is: -5
2020-03-11 23:22:02,029 [WARNING] [TRADER] Below is the active order history:
2020-03-11 23:22:02,029 [WARNING] [TRADER] {7: (7, 2), 8: (8, 0)}
2020-03-11 23:22:02,029 [WARNING] [TRADER] We bought!
2020-03-11 23:22:02,029 [WARNING] [TRADER] We sold!
2020-03-11 23:22:02,030 [WARNING] [TRADER] Below is the active order history:
2020-03-11 23:22:02,030 [WARNING] [TRADER] {7: (7, 2), 8: (8, 0), 9: (9, 0), 10: (10, 0)}
2020-03-11 23:22:02,030 [WARNING] [TRADER] Total fees: 103.000000
2020-03-11 23:22:02,030 [WARNING] [TRADER] Our position is: -4
2020-03-11 23:22:02,033 [WARNING] [TRADER] Total fees: 103.000000
2020-03-11 23:22:02,034 [WARNING] [TRADER] error with order 10: order rejected: in cross with an existing order
2020-03-11 23:22:02,034 [WARNING] [TRADER] Total fees: 103.000000
2020-03-11 23:22:02,277 [WARNING] [TRADER] Total fees: 35.000000
2020-03-11 23:22:02,277 [WARNING] [TRADER] Our position is: -5
2020-03-11 23:22:02,279 [WARNING] [TRADER] Below is the active order history:
2020-03-11 23:22:02,279 [WARNING] [TRADER] {7: (7, 3), 9: (9, 1)}
2020-03-11 23:22:02,279 [WARNING] [TRADER] We bought!
2020-03-11 23:22:02,279 [WARNING] [TRADER] We sold!
2020-03-11 23:22:02,280 [WARNING] [TRADER] Below is the active order history:
2020-03-11 23:22:02,280 [WARNING] [TRADER] {7: (7, 3), 9: (9, 1), 11: (11, 0), 12: (12, 0)}
2020-03-11 23:22:02,282 [WARNING] [TRADER] Total fees: 35.000000
2020-03-11 23:22:02,282 [WARNING] [TRADER] error with order 12: order rejected: in cross with an existing order
2020-03-11 23:22:02,282 [WARNING] [TRADER] Total fees: 35.000000
2020-03-11 23:22:02,283 [WARNING] [TRADER] Total fees: 35.000000
2020-03-11 23:22:02,528 [WARNING] [TRADER] Total fees: -33.000000
2020-03-11 23:22:02,528 [WARNING] [TRADER] Our position is: -6
2020-03-11 23:22:02,529 [WARNING] [TRADER] Below is the active order history:
2020-03-11 23:22:02,529 [WARNING] [TRADER] {9: (9, 2), 11: (11, 0)}
2020-03-11 23:22:02,529 [WARNING] [TRADER] We bought!
2020-03-11 23:22:02,529 [WARNING] [TRADER] We sold!
2020-03-11 23:22:02,530 [WARNING] [TRADER] Below is the active order history:
2020-03-11 23:22:02,530 [WARNING] [TRADER] {9: (9, 2), 11: (11, 0), 13: (13, 0), 14: (14, 0)}
2020-03-11 23:22:02,531 [WARNING] [TRADER] Total fees: -135.000000
2020-03-11 23:22:02,531 [WARNING] [TRADER] Our position is: -4
2020-03-11 23:22:02,532 [WARNING] [TRADER] Total fees: -135.000000
2020-03-11 23:22:02,533 [WARNING] [TRADER] Total fees: -135.000000
2020-03-11 23:22:02,778 [WARNING] [TRADER] Total fees: -271.000000
2020-03-11 23:22:02,780 [WARNING] [TRADER] Our position is: -3
2020-03-11 23:22:02,781 [WARNING] [TRADER] Total fees: -509.000000
2020-03-11 23:22:02,781 [WARNING] [TRADER] Our position is: -2
2020-03-11 23:22:02,782 [WARNING] [TRADER] Below is the active order history:
2020-03-11 23:22:02,782 [WARNING] [TRADER] {9: (9, 3), 13: (13, 1), 14: (14, 1)}
2020-03-11 23:22:02,783 [WARNING] [TRADER] We bought!
2020-03-11 23:22:02,783 [WARNING] [TRADER] We sold!
2020-03-11 23:22:02,784 [WARNING] [TRADER] Below is the active order history:
2020-03-11 23:22:02,784 [WARNING] [TRADER] {13: (13, 2), 14: (14, 2), 15: (15, 1), 16: (16, 1)}
2020-03-11 23:22:02,787 [WARNING] [TRADER] error with order 15: order rejected: in cross with an existing order
2020-03-11 23:22:02,787 [WARNING] [TRADER] Total fees: -509.000000
2020-03-11 23:22:02,787 [WARNING] [TRADER] Total fees: -509.000000
2020-03-11 23:22:02,788 [WARNING] [TRADER] Total fees: -509.000000
2020-03-11 23:22:03,028 [WARNING] [TRADER] Total fees: -645.000000
2020-03-11 23:22:03,029 [WARNING] [TRADER] Our position is: 1
2020-03-11 23:22:03,029 [WARNING] [TRADER] Total fees: -884.000000
2020-03-11 23:22:03,030 [WARNING] [TRADER] Our position is: 5
2020-03-11 23:22:03,031 [WARNING] [TRADER] Below is the active order history:
2020-03-11 23:22:03,031 [WARNING] [TRADER] {13: (13, 0), 16: (16, 2)}
2020-03-11 23:22:03,032 [WARNING] [TRADER] We bought!
2020-03-11 23:22:03,032 [WARNING] [TRADER] We sold!
2020-03-11 23:22:03,032 [WARNING] [TRADER] Below is the active order history:
2020-03-11 23:22:03,032 [WARNING] [TRADER] {13: (13, 0), 16: (16, 2), 17: (17, 0), 18: (18, 0)}
2020-03-11 23:22:03,035 [WARNING] [TRADER] Total fees: -884.000000
2020-03-11 23:22:03,036 [WARNING] [TRADER] Total fees: -884.000000
2020-03-11 23:22:03,277 [WARNING] [TRADER] Total fees: -986.000000
2020-03-11 23:22:03,277 [WARNING] [TRADER] Our position is: -2
2020-03-11 23:22:03,277 [WARNING] [TRADER] Total fees: -1122.000000
2020-03-11 23:22:03,277 [WARNING] [TRADER] Our position is: -5
2020-03-11 23:22:03,277 [WARNING] [TRADER] Below is the active order history:
2020-03-11 23:22:03,278 [WARNING] [TRADER] {13: (13, 1), 16: (16, 3), 17: (17, 1), 18: (18, 0)}
2020-03-11 23:22:03,278 [WARNING] [TRADER] We bought!
2020-03-11 23:22:03,278 [WARNING] [TRADER] We sold!
2020-03-11 23:22:03,278 [WARNING] [TRADER] Below is the active order history:
2020-03-11 23:22:03,278 [WARNING] [TRADER] {13: (13, 2), 17: (17, 2), 18: (18, 1), 19: (19, 1), 20: (20, 1)}
2020-03-11 23:22:03,278 [WARNING] [TRADER] Total fees: -1292.000000
2020-03-11 23:22:03,278 [WARNING] [TRADER] Our position is: -6
2020-03-11 23:22:03,278 [WARNING] [TRADER] Total fees: -1462.000000
2020-03-11 23:22:03,279 [WARNING] [TRADER] Our position is: -5
2020-03-11 23:22:03,279 [WARNING] [TRADER] Total fees: -1462.000000
2020-03-11 23:22:03,279 [WARNING] [TRADER] Total fees: -1462.000000
2020-03-11 23:22:03,279 [WARNING] [TRADER] Total fees: -1462.000000
2020-03-11 23:22:03,528 [WARNING] [TRADER] Below is the active order history:
2020-03-11 23:22:03,528 [WARNING] [TRADER] {13: (13, 0), 17: (17, 3), 18: (18, 0), 19: (19, 2), 20: (20, 2)}
2020-03-11 23:22:03,528 [WARNING] [TRADER] We bought!
2020-03-11 23:22:03,529 [WARNING] [TRADER] We sold!
2020-03-11 23:22:03,529 [WARNING] [TRADER] Below is the active order history:
2020-03-11 23:22:03,529 [WARNING] [TRADER] {13: (13, 0), 17: (17, 3), 18: (18, 0), 19: (19, 2), 20: (20, 2), 21: (21, 0), 22: (22, 0)}
2020-03-11 23:22:03,531 [WARNING] [TRADER] Total fees: -1666.000000
2020-03-11 23:22:03,531 [WARNING] [TRADER] Our position is: -6
2020-03-11 23:22:03,532 [WARNING] [TRADER] Total fees: -1870.000000
2020-03-11 23:22:03,532 [WARNING] [TRADER] Our position is: -5
2020-03-11 23:22:03,534 [WARNING] [TRADER] error with order 21: order rejected: in cross with an existing order
2020-03-11 23:22:03,534 [WARNING] [TRADER] Total fees: -1870.000000
2020-03-11 23:22:03,535 [WARNING] [TRADER] Total fees: -1870.000000
2020-03-11 23:22:03,535 [WARNING] [TRADER] Total fees: -1870.000000
2020-03-11 23:22:03,777 [WARNING] [TRADER] Total fees: -2108.000000
2020-03-11 23:22:03,777 [WARNING] [TRADER] Our position is: -6
2020-03-11 23:22:03,777 [WARNING] [TRADER] Total fees: -2142.000000
2020-03-11 23:22:03,777 [WARNING] [TRADER] Our position is: -5
2020-03-11 23:22:03,777 [WARNING] [TRADER] Below is the active order history:
2020-03-11 23:22:03,777 [WARNING] [TRADER] {18: (18, 0), 19: (19, 0), 20: (20, 3), 22: (22, 1)}
2020-03-11 23:22:03,778 [WARNING] [TRADER] We bought!
2020-03-11 23:22:03,778 [WARNING] [TRADER] We sold!
2020-03-11 23:22:03,778 [WARNING] [TRADER] Below is the active order history:
2020-03-11 23:22:03,778 [WARNING] [TRADER] {18: (18, 0), 19: (19, 0), 20: (20, 3), 22: (22, 1), 23: (23, 0), 24: (24, 0)}
2020-03-11 23:22:03,778 [WARNING] [TRADER] Total fees: -2210.000000
2020-03-11 23:22:03,778 [WARNING] [TRADER] Our position is: -4
2020-03-11 23:22:03,778 [WARNING] [TRADER] Total fees: -2210.000000
2020-03-11 23:22:03,779 [WARNING] [TRADER] Total fees: -2210.000000
2020-03-11 23:22:03,779 [WARNING] [TRADER] Total fees: -2210.000000
2020-03-11 23:22:04,027 [WARNING] [TRADER] Total fees: -2483.000000
2020-03-11 23:22:04,028 [WARNING] [TRADER] Our position is: -3
2020-03-11 23:22:04,029 [WARNING] [TRADER] Below is the active order history:
2020-03-11 23:22:04,029 [WARNING] [TRADER] {18: (18, 1), 22: (22, 2), 23: (23, 1), 24: (24, 1)}
2020-03-11 23:22:04,029 [WARNING] [TRADER] We bought!
2020-03-11 23:22:04,030 [WARNING] [TRADER] We sold!
2020-03-11 23:22:04,030 [WARNING] [TRADER] Below is the active order history:
2020-03-11 23:22:04,030 [WARNING] [TRADER] {18: (18, 1), 22: (22, 2), 23: (23, 1), 24: (24, 1), 25: (25, 0), 26: (26, 0)}
2020-03-11 23:22:04,034 [WARNING] [TRADER] Total fees: -2483.000000
2020-03-11 23:22:04,035 [WARNING] [TRADER] Total fees: -2483.000000
2020-03-11 23:22:04,278 [WARNING] [TRADER] Total fees: -2789.000000
2020-03-11 23:22:04,278 [WARNING] [TRADER] Our position is: 3
2020-03-11 23:22:04,279 [WARNING] [TRADER] Total fees: -2960.000000
2020-03-11 23:22:04,279 [WARNING] [TRADER] Our position is: 0
2020-03-11 23:22:04,281 [WARNING] [TRADER] Below is the active order history:
2020-03-11 23:22:04,281 [WARNING] [TRADER] {22: (22, 0), 23: (23, 2), 24: (24, 2), 25: (25, 1), 26: (26, 1)}
2020-03-11 23:22:04,281 [WARNING] [TRADER] We bought!
2020-03-11 23:22:04,281 [WARNING] [TRADER] We sold!
2020-03-11 23:22:04,282 [WARNING] [TRADER] Below is the active order history:
2020-03-11 23:22:04,282 [WARNING] [TRADER] {22: (22, 0), 23: (23, 2), 24: (24, 2), 25: (25, 1), 26: (26, 1), 27: (27, 0), 28: (28, 0)}
2020-03-11 23:22:04,285 [WARNING] [TRADER] Total fees: -2960.000000
2020-03-11 23:22:04,285 [WARNING] [TRADER] error with order 28: order rejected: in cross with an existing order
2020-03-11 23:22:04,285 [WARNING] [TRADER] Total fees: -2960.000000
2020-03-11 23:22:04,527 [WARNING] [TRADER] Total fees: -3302.000000
2020-03-11 23:22:04,528 [WARNING] [TRADER] Our position is: -5
2020-03-11 23:22:04,529 [WARNING] [TRADER] Below is the active order history:
2020-03-11 23:22:04,529 [WARNING] [TRADER] {23: (23, 3), 24: (24, 3), 25: (25, 2), 26: (26, 2), 27: (27, 1)}
2020-03-11 23:22:04,529 [WARNING] [TRADER] We bought!
2020-03-11 23:22:04,530 [WARNING] [TRADER] We sold!
2020-03-11 23:22:04,530 [WARNING] [TRADER] Below is the active order history:
2020-03-11 23:22:04,530 [WARNING] [TRADER] {23: (23, 3), 24: (24, 3), 25: (25, 2), 26: (26, 2), 27: (27, 1), 29: (29, 0), 30: (30, 0)}
2020-03-11 23:22:04,533 [WARNING] [TRADER] Total fees: -3302.000000
2020-03-11 23:22:04,533 [WARNING] [TRADER] Total fees: -3302.000000
2020-03-11 23:22:04,533 [WARNING] [TRADER] Total fees: -3302.000000
2020-03-11 23:22:04,533 [WARNING] [TRADER] Total fees: -3302.000000
2020-03-11 23:22:04,778 [WARNING] [TRADER] Total fees: -3575.000000
2020-03-11 23:22:04,778 [WARNING] [TRADER] Our position is: -10
2020-03-11 23:22:04,779 [WARNING] [TRADER] Below is the active order history:
2020-03-11 23:22:04,779 [WARNING] [TRADER] {25: (25, 3), 26: (26, 0), 27: (27, 2), 29: (29, 1), 30: (30, 1)}
2020-03-11 23:22:04,780 [WARNING] [TRADER] We bought!
2020-03-11 23:22:04,780 [WARNING] [TRADER] We sold!
2020-03-11 23:22:04,781 [WARNING] [TRADER] Below is the active order history:
2020-03-11 23:22:04,781 [WARNING] [TRADER] {25: (25, 3), 26: (26, 0), 27: (27, 2), 29: (29, 1), 30: (30, 1), 31: (31, 0), 32: (32, 0)}
2020-03-11 23:22:04,783 [WARNING] [TRADER] Total fees: -3575.000000
2020-03-11 23:22:04,784 [WARNING] [TRADER] Total fees: -3575.000000
2020-03-11 23:22:04,784 [WARNING] [TRADER] Total fees: -3575.000000
2020-03-11 23:22:05,028 [WARNING] [TRADER] Below is the active order history:
2020-03-11 23:22:05,028 [WARNING] [TRADER] {26: (26, 1), 27: (27, 3), 29: (29, 2), 30: (30, 2), 31: (31, 1), 32: (32, 1)}
2020-03-11 23:22:05,028 [WARNING] [TRADER] We bought!
2020-03-11 23:22:05,028 [WARNING] [TRADER] We sold!
2020-03-11 23:22:05,029 [WARNING] [TRADER] Below is the active order history:
2020-03-11 23:22:05,029 [WARNING] [TRADER] {26: (26, 1), 27: (27, 3), 29: (29, 2), 30: (30, 2), 31: (31, 1), 32: (32, 1), 33: (33, 0), 34: (34, 0)}
2020-03-11 23:22:05,032 [WARNING] [TRADER] Total fees: -3575.000000
2020-03-11 23:22:05,033 [WARNING] [TRADER] Total fees: -3575.000000
2020-03-11 23:22:05,033 [WARNING] [TRADER] Total fees: -3575.000000
2020-03-11 23:22:05,278 [WARNING] [TRADER] Total fees: -3916.000000
2020-03-11 23:22:05,279 [WARNING] [TRADER] Our position is: -18
2020-03-11 23:22:05,280 [WARNING] [TRADER] Total fees: -4087.000000
2020-03-11 23:22:05,280 [WARNING] [TRADER] Our position is: -20
2020-03-11 23:22:05,282 [WARNING] [TRADER] Total fees: -4121.000000
2020-03-11 23:22:05,283 [WARNING] [TRADER] Our position is: -25
2020-03-11 23:22:05,283 [WARNING] [TRADER] Total fees: -4189.000000
2020-03-11 23:22:05,284 [WARNING] [TRADER] Our position is: -26
2020-03-11 23:22:05,284 [WARNING] [TRADER] Below is the active order history:
2020-03-11 23:22:05,285 [WARNING] [TRADER] {29: (29, 3), 31: (31, 2), 32: (32, 0), 33: (33, 1), 34: (34, 1)}
2020-03-11 23:22:05,285 [WARNING] [TRADER] We bought!
2020-03-11 23:22:05,285 [WARNING] [TRADER] We sold!
2020-03-11 23:22:05,286 [WARNING] [TRADER] Below is the active order history:
2020-03-11 23:22:05,286 [WARNING] [TRADER] {29: (29, 3), 31: (31, 2), 32: (32, 0), 33: (33, 1), 34: (34, 1), 35: (35, 0), 36: (36, 0)}
2020-03-11 23:22:05,288 [WARNING] [TRADER] Total fees: -4189.000000
2020-03-11 23:22:05,289 [WARNING] [TRADER] error with order 36: order rejected: in cross with an existing order
2020-03-11 23:22:05,289 [WARNING] [TRADER] Total fees: -4189.000000
2020-03-11 23:22:05,289 [WARNING] [TRADER] Total fees: -4189.000000
2020-03-11 23:22:05,527 [WARNING] [TRADER] Total fees: -4496.000000
2020-03-11 23:22:05,527 [WARNING] [TRADER] Our position is: -27
2020-03-11 23:22:05,527 [WARNING] [TRADER] Below is the active order history:
2020-03-11 23:22:05,527 [WARNING] [TRADER] {31: (31, 3), 33: (33, 2), 34: (34, 2), 35: (35, 1)}
2020-03-11 23:22:05,527 [WARNING] [TRADER] We bought!
2020-03-11 23:22:05,527 [WARNING] [TRADER] We sold!
2020-03-11 23:22:05,527 [WARNING] [TRADER] Below is the active order history:
2020-03-11 23:22:05,528 [WARNING] [TRADER] {31: (31, 3), 33: (33, 2), 34: (34, 2), 35: (35, 1), 37: (37, 0), 38: (38, 0)}
2020-03-11 23:22:05,528 [WARNING] [TRADER] Total fees: -4496.000000
2020-03-11 23:22:05,528 [WARNING] [TRADER] Total fees: -4496.000000
2020-03-11 23:22:05,528 [WARNING] [TRADER] Total fees: -4496.000000
2020-03-11 23:22:05,780 [WARNING] [TRADER] Below is the active order history:
2020-03-11 23:22:05,780 [WARNING] [TRADER] {33: (33, 3), 34: (34, 3), 35: (35, 2), 37: (37, 1), 38: (38, 1)}
2020-03-11 23:22:05,781 [WARNING] [TRADER] We bought!
2020-03-11 23:22:05,781 [WARNING] [TRADER] We sold!
2020-03-11 23:22:05,782 [WARNING] [TRADER] Below is the active order history:
2020-03-11 23:22:05,782 [WARNING] [TRADER] {33: (33, 3), 34: (34, 3), 35: (35, 2), 37: (37, 1), 38: (38, 1), 39: (39, 0), 40: (40, 0)}
2020-03-11 23:22:05,783 [WARNING] [TRADER] Total fees: -4496.000000
2020-03-11 23:22:05,784 [WARNING] [TRADER] Total fees: -4496.000000
2020-03-11 23:22:05,784 [WARNING] [TRADER] Total fees: -4496.000000
2020-03-11 23:22:05,784 [WARNING] [TRADER] Total fees: -4496.000000
2020-03-11 23:22:06,027 [WARNING] [TRADER] Below is the active order history:
2020-03-11 23:22:06,028 [WARNING] [TRADER] {35: (35, 3), 37: (37, 2), 38: (38, 2), 39: (39, 1), 40: (40, 1)}
2020-03-11 23:22:06,028 [WARNING] [TRADER] We bought!
2020-03-11 23:22:06,028 [WARNING] [TRADER] We sold!
2020-03-11 23:22:06,029 [WARNING] [TRADER] Below is the active order history:
2020-03-11 23:22:06,029 [WARNING] [TRADER] {35: (35, 3), 37: (37, 2), 38: (38, 2), 39: (39, 1), 40: (40, 1), 41: (41, 0), 42: (42, 0)}
2020-03-11 23:22:06,032 [WARNING] [TRADER] Total fees: -4496.000000
2020-03-11 23:22:06,033 [WARNING] [TRADER] Total fees: -4496.000000
2020-03-11 23:22:06,033 [WARNING] [TRADER] Total fees: -4496.000000
2020-03-11 23:22:06,279 [WARNING] [TRADER] Total fees: -4735.000000
2020-03-11 23:22:06,280 [WARNING] [TRADER] Our position is: -34
2020-03-11 23:22:06,280 [WARNING] [TRADER] Below is the active order history:
2020-03-11 23:22:06,280 [WARNING] [TRADER] {37: (37, 3), 38: (38, 3), 39: (39, 2), 40: (40, 2), 41: (41, 1)}
2020-03-11 23:22:06,281 [WARNING] [TRADER] We bought!
2020-03-11 23:22:06,281 [WARNING] [TRADER] We sold!
2020-03-11 23:22:06,282 [WARNING] [TRADER] Below is the active order history:
2020-03-11 23:22:06,282 [WARNING] [TRADER] {37: (37, 3), 38: (38, 3), 39: (39, 2), 40: (40, 2), 41: (41, 1), 43: (43, 0), 44: (44, 0)}
2020-03-11 23:22:06,284 [WARNING] [TRADER] Total fees: -4735.000000
2020-03-11 23:22:06,284 [WARNING] [TRADER] Total fees: -4735.000000
2020-03-11 23:22:06,284 [WARNING] [TRADER] Total fees: -4735.000000
2020-03-11 23:22:06,285 [WARNING] [TRADER] Total fees: -4735.000000
2020-03-11 23:22:06,527 [WARNING] [TRADER] Below is the active order history:
2020-03-11 23:22:06,528 [WARNING] [TRADER] {39: (39, 3), 40: (40, 3), 41: (41, 2), 43: (43, 1), 44: (44, 1)}
2020-03-11 23:22:06,528 [WARNING] [TRADER] We bought!
2020-03-11 23:22:06,529 [WARNING] [TRADER] We sold!
2020-03-11 23:22:06,529 [WARNING] [TRADER] Below is the active order history:
2020-03-11 23:22:06,529 [WARNING] [TRADER] {39: (39, 3), 40: (40, 3), 41: (41, 2), 43: (43, 1), 44: (44, 1), 45: (45, 0), 46: (46, 0)}
2020-03-11 23:22:06,530 [WARNING] [TRADER] Total fees: -4769.000000
2020-03-11 23:22:06,531 [WARNING] [TRADER] Our position is: -41
2020-03-11 23:22:06,533 [WARNING] [TRADER] Total fees: -4769.000000
2020-03-11 23:22:06,534 [WARNING] [TRADER] Total fees: -4769.000000
2020-03-11 23:22:06,534 [WARNING] [TRADER] Total fees: -4803.000000
2020-03-11 23:22:06,534 [WARNING] [TRADER] Total fees: -4803.000000
2020-03-11 23:22:06,777 [WARNING] [TRADER] Total fees: -4871.000000
2020-03-11 23:22:06,778 [WARNING] [TRADER] Our position is: -40
2020-03-11 23:22:06,779 [WARNING] [TRADER] Below is the active order history:
2020-03-11 23:22:06,779 [WARNING] [TRADER] {41: (41, 3), 43: (43, 2), 44: (44, 0), 45: (45, 1), 46: (46, 1)}
2020-03-11 23:22:06,779 [WARNING] [TRADER] We bought!
2020-03-11 23:22:06,780 [WARNING] [TRADER] We sold!
2020-03-11 23:22:06,780 [WARNING] [TRADER] Below is the active order history:
2020-03-11 23:22:06,781 [WARNING] [TRADER] {41: (41, 3), 43: (43, 2), 44: (44, 0), 45: (45, 1), 46: (46, 1), 47: (47, 0), 48: (48, 0)}
2020-03-11 23:22:06,782 [WARNING] [TRADER] Total fees: -4973.000000
2020-03-11 23:22:06,782 [WARNING] [TRADER] Our position is: -42
2020-03-11 23:22:06,784 [WARNING] [TRADER] Total fees: -4973.000000
2020-03-11 23:22:06,784 [WARNING] [TRADER] Total fees: -4973.000000
2020-03-11 23:22:06,784 [WARNING] [TRADER] Total fees: -4973.000000
2020-03-11 23:22:07,026 [WARNING] [TRADER] Total fees: -5041.000000
2020-03-11 23:22:07,026 [WARNING] [TRADER] Our position is: -43
2020-03-11 23:22:07,026 [WARNING] [TRADER] Below is the active order history:
2020-03-11 23:22:07,026 [WARNING] [TRADER] {43: (43, 0), 44: (44, 0), 45: (45, 2), 46: (46, 2), 47: (47, 1), 48: (48, 1)}
2020-03-11 23:22:07,026 [WARNING] [TRADER] We bought!
2020-03-11 23:22:07,027 [WARNING] [TRADER] We sold!
2020-03-11 23:22:07,027 [WARNING] [TRADER] Below is the active order history:
2020-03-11 23:22:07,027 [WARNING] [TRADER] {43: (43, 0), 44: (44, 0), 45: (45, 2), 46: (46, 2), 47: (47, 1), 48: (48, 1), 49: (49, 0), 50: (50, 0)}
2020-03-11 23:22:07,027 [WARNING] [TRADER] Total fees: -5143.000000
2020-03-11 23:22:07,027 [WARNING] [TRADER] Our position is: -41
2020-03-11 23:22:07,027 [WARNING] [TRADER] Total fees: -5143.000000
2020-03-11 23:22:07,027 [WARNING] [TRADER] Total fees: -5143.000000
2020-03-11 23:22:07,277 [WARNING] [TRADER] Total fees: -5381.000000
2020-03-11 23:22:07,278 [WARNING] [TRADER] Our position is: -40
2020-03-11 23:22:07,279 [WARNING] [TRADER] Total fees: -5449.000000
2020-03-11 23:22:07,279 [WARNING] [TRADER] Our position is: -44
2020-03-11 23:22:07,280 [WARNING] [TRADER] Below is the active order history:
2020-03-11 23:22:07,280 [WARNING] [TRADER] {43: (43, 1), 45: (45, 3), 46: (46, 0), 47: (47, 2), 48: (48, 2), 49: (49, 1), 50: (50, 1)}
2020-03-11 23:22:07,280 [WARNING] [TRADER] We bought!
2020-03-11 23:22:07,280 [WARNING] [TRADER] We sold!
2020-03-11 23:22:07,281 [WARNING] [TRADER] Below is the active order history:
2020-03-11 23:22:07,281 [WARNING] [TRADER] {43: (43, 1), 45: (45, 3), 46: (46, 0), 47: (47, 2), 48: (48, 2), 49: (49, 1), 50: (50, 1), 51: (51, 0), 52: (52, 0)}
2020-03-11 23:22:07,281 [WARNING] [TRADER] Total fees: -5551.000000
2020-03-11 23:22:07,281 [WARNING] [TRADER] Our position is: -46
2020-03-11 23:22:07,283 [WARNING] [TRADER] Total fees: -5687.000000
2020-03-11 23:22:07,283 [WARNING] [TRADER] Our position is: -47
2020-03-11 23:22:07,284 [WARNING] [TRADER] Total fees: -5687.000000
2020-03-11 23:22:07,284 [WARNING] [TRADER] Total fees: -5687.000000
2020-03-11 23:22:07,285 [WARNING] [TRADER] Total fees: -5687.000000
2020-03-11 23:22:07,527 [WARNING] [TRADER] Total fees: -5891.000000
2020-03-11 23:22:07,527 [WARNING] [TRADER] Our position is: -46
2020-03-11 23:22:07,528 [WARNING] [TRADER] Total fees: -6095.000000
2020-03-11 23:22:07,528 [WARNING] [TRADER] Our position is: -44
2020-03-11 23:22:07,529 [WARNING] [TRADER] Below is the active order history:
2020-03-11 23:22:07,529 [WARNING] [TRADER] {43: (43, 0), 46: (46, 0), 47: (47, 3), 48: (48, 3), 49: (49, 2), 50: (50, 2), 51: (51, 1), 52: (52, 1)}
2020-03-11 23:22:07,529 [WARNING] [TRADER] We bought!
2020-03-11 23:22:07,529 [WARNING] [TRADER] We sold!
2020-03-11 23:22:07,530 [WARNING] [TRADER] Below is the active order history:
2020-03-11 23:22:07,530 [WARNING] [TRADER] {43: (43, 0), 46: (46, 0), 47: (47, 3), 48: (48, 3), 49: (49, 2), 50: (50, 2), 51: (51, 1), 52: (52, 1), 53: (53, 0), 54: (54, 0)}
2020-03-11 23:22:07,531 [WARNING] [TRADER] Total fees: -6333.000000
2020-03-11 23:22:07,531 [WARNING] [TRADER] Our position is: -47
2020-03-11 23:22:07,532 [WARNING] [TRADER] Total fees: -6333.000000
2020-03-11 23:22:07,532 [WARNING] [TRADER] Total fees: -6333.000000
2020-03-11 23:22:07,532 [WARNING] [TRADER] Total fees: -6333.000000
2020-03-11 23:22:07,533 [WARNING] [TRADER] Total fees: -6333.000000
2020-03-11 23:22:07,777 [WARNING] [TRADER] Total fees: -6571.000000
2020-03-11 23:22:07,777 [WARNING] [TRADER] Our position is: -46
2020-03-11 23:22:07,778 [WARNING] [TRADER] Total fees: -6673.000000
2020-03-11 23:22:07,778 [WARNING] [TRADER] Our position is: -47
2020-03-11 23:22:07,779 [WARNING] [TRADER] Below is the active order history:
2020-03-11 23:22:07,779 [WARNING] [TRADER] {49: (49, 3), 50: (50, 0), 51: (51, 2), 52: (52, 2), 53: (53, 1), 54: (54, 1)}
2020-03-11 23:22:07,779 [WARNING] [TRADER] We bought!
2020-03-11 23:22:07,780 [WARNING] [TRADER] We sold!
2020-03-11 23:22:07,780 [WARNING] [TRADER] Below is the active order history:
2020-03-11 23:22:07,780 [WARNING] [TRADER] {49: (49, 3), 50: (50, 0), 51: (51, 2), 52: (52, 2), 53: (53, 1), 54: (54, 1), 55: (55, 0), 56: (56, 0)}
2020-03-11 23:22:07,783 [WARNING] [TRADER] Total fees: -6673.000000
2020-03-11 23:22:07,783 [WARNING] [TRADER] error with order 56: order rejected: in cross with an existing order
2020-03-11 23:22:07,783 [WARNING] [TRADER] Total fees: -6673.000000
2020-03-11 23:22:07,784 [WARNING] [TRADER] Total fees: -6673.000000
2020-03-11 23:22:08,028 [WARNING] [TRADER] Below is the active order history:
2020-03-11 23:22:08,028 [WARNING] [TRADER] {50: (50, 1), 51: (51, 3), 52: (52, 3), 53: (53, 2), 54: (54, 2), 55: (55, 1)}
2020-03-11 23:22:08,028 [WARNING] [TRADER] We bought!
2020-03-11 23:22:08,029 [WARNING] [TRADER] We sold!
2020-03-11 23:22:08,029 [WARNING] [TRADER] Below is the active order history:
2020-03-11 23:22:08,029 [WARNING] [TRADER] {50: (50, 1), 51: (51, 3), 52: (52, 3), 53: (53, 2), 54: (54, 2), 55: (55, 1), 57: (57, 0), 58: (58, 0)}
2020-03-11 23:22:08,032 [WARNING] [TRADER] Total fees: -6673.000000
2020-03-11 23:22:08,032 [WARNING] [TRADER] Total fees: -6673.000000
2020-03-11 23:22:08,033 [WARNING] [TRADER] Total fees: -6673.000000
2020-03-11 23:22:08,033 [WARNING] [TRADER] Total fees: -6673.000000
2020-03-11 23:22:08,278 [WARNING] [TRADER] Total fees: -6809.000000
2020-03-11 23:22:08,278 [WARNING] [TRADER] Our position is: -50
2020-03-11 23:22:08,279 [WARNING] [TRADER] Total fees: -7286.000000
2020-03-11 23:22:08,279 [WARNING] [TRADER] Our position is: -46
2020-03-11 23:22:08,280 [WARNING] [TRADER] Below is the active order history:
2020-03-11 23:22:08,280 [WARNING] [TRADER] {50: (50, 2), 53: (53, 3), 54: (54, 3), 57: (57, 1), 58: (58, 1)}
2020-03-11 23:22:08,281 [WARNING] [TRADER] We bought!
2020-03-11 23:22:08,281 [WARNING] [TRADER] We sold!
2020-03-11 23:22:08,281 [WARNING] [TRADER] Below is the active order history:
2020-03-11 23:22:08,281 [WARNING] [TRADER] {50: (50, 2), 53: (53, 3), 54: (54, 3), 57: (57, 1), 58: (58, 1), 59: (59, 0), 60: (60, 0)}
2020-03-11 23:22:08,283 [WARNING] [TRADER] Total fees: -7286.000000
2020-03-11 23:22:08,283 [WARNING] [TRADER] Total fees: -7286.000000
2020-03-11 23:22:08,284 [WARNING] [TRADER] Total fees: -7286.000000
2020-03-11 23:22:08,284 [WARNING] [TRADER] Total fees: -7286.000000
2020-03-11 23:22:08,527 [WARNING] [TRADER] Below is the active order history:
2020-03-11 23:22:08,527 [WARNING] [TRADER] {50: (50, 3), 57: (57, 2), 58: (58, 2), 59: (59, 1), 60: (60, 1)}
2020-03-11 23:22:08,527 [WARNING] [TRADER] We bought!
2020-03-11 23:22:08,527 [WARNING] [TRADER] We sold!
2020-03-11 23:22:08,527 [WARNING] [TRADER] Below is the active order history:
2020-03-11 23:22:08,527 [WARNING] [TRADER] {50: (50, 3), 57: (57, 2), 58: (58, 2), 59: (59, 1), 60: (60, 1), 61: (61, 0), 62: (62, 0)}
2020-03-11 23:22:08,527 [WARNING] [TRADER] Total fees: -7491.000000
2020-03-11 23:22:08,527 [WARNING] [TRADER] Our position is: -36
2020-03-11 23:22:08,528 [WARNING] [TRADER] Total fees: -7491.000000
2020-03-11 23:22:08,528 [WARNING] [TRADER] error with order 62: order rejected: in cross with an existing order
2020-03-11 23:22:08,528 [WARNING] [TRADER] Total fees: -7491.000000
2020-03-11 23:22:08,528 [WARNING] [TRADER] Total fees: -7593.000000
2020-03-11 23:22:08,777 [WARNING] [TRADER] Total fees: -7866.000000
2020-03-11 23:22:08,777 [WARNING] [TRADER] Our position is: -42
2020-03-11 23:22:08,778 [WARNING] [TRADER] Below is the active order history:
2020-03-11 23:22:08,778 [WARNING] [TRADER] {57: (57, 3), 58: (58, 3), 59: (59, 2), 60: (60, 0), 61: (61, 1)}
2020-03-11 23:22:08,778 [WARNING] [TRADER] We bought!
2020-03-11 23:22:08,779 [WARNING] [TRADER] We sold!
2020-03-11 23:22:08,779 [WARNING] [TRADER] Below is the active order history:
2020-03-11 23:22:08,779 [WARNING] [TRADER] {57: (57, 3), 58: (58, 3), 59: (59, 2), 60: (60, 0), 61: (61, 1), 63: (63, 0), 64: (64, 0)}
2020-03-11 23:22:08,782 [WARNING] [TRADER] Total fees: -8173.000000
2020-03-11 23:22:08,782 [WARNING] [TRADER] Our position is: -44
2020-03-11 23:22:08,783 [WARNING] [TRADER] Total fees: -8173.000000
2020-03-11 23:22:08,783 [WARNING] [TRADER] Total fees: -8173.000000
2020-03-11 23:22:08,784 [WARNING] [TRADER] Total fees: -8173.000000
2020-03-11 23:22:08,784 [WARNING] [TRADER] Total fees: -8173.000000
2020-03-11 23:22:09,027 [WARNING] [TRADER] Total fees: -8514.000000
2020-03-11 23:22:09,028 [WARNING] [TRADER] Our position is: -45
2020-03-11 23:22:09,029 [WARNING] [TRADER] Below is the active order history:
2020-03-11 23:22:09,029 [WARNING] [TRADER] {59: (59, 3), 60: (60, 0), 61: (61, 2), 63: (63, 1), 64: (64, 1)}
2020-03-11 23:22:09,029 [WARNING] [TRADER] We bought!
2020-03-11 23:22:09,029 [WARNING] [TRADER] We sold!
2020-03-11 23:22:09,030 [WARNING] [TRADER] Below is the active order history:
2020-03-11 23:22:09,030 [WARNING] [TRADER] {59: (59, 3), 60: (60, 0), 61: (61, 2), 63: (63, 1), 64: (64, 1), 65: (65, 0), 66: (66, 0)}
2020-03-11 23:22:09,031 [WARNING] [TRADER] Total fees: -8514.000000
2020-03-11 23:22:09,032 [WARNING] [TRADER] Total fees: -8514.000000
2020-03-11 23:22:09,034 [WARNING] [TRADER] Total fees: -8514.000000
2020-03-11 23:22:09,277 [WARNING] [TRADER] Total fees: -8889.000000
2020-03-11 23:22:09,277 [WARNING] [TRADER] Our position is: -46
2020-03-11 23:22:09,278 [WARNING] [TRADER] Total fees: -8991.000000
2020-03-11 23:22:09,278 [WARNING] [TRADER] Our position is: -47
2020-03-11 23:22:09,279 [WARNING] [TRADER] Below is the active order history:
2020-03-11 23:22:09,279 [WARNING] [TRADER] {61: (61, 3), 63: (63, 2), 64: (64, 0), 65: (65, 1), 66: (66, 1)}
2020-03-11 23:22:09,280 [WARNING] [TRADER] We bought!
2020-03-11 23:22:09,280 [WARNING] [TRADER] We sold!
2020-03-11 23:22:09,281 [WARNING] [TRADER] Below is the active order history:
2020-03-11 23:22:09,281 [WARNING] [TRADER] {61: (61, 3), 63: (63, 2), 64: (64, 0), 65: (65, 1), 66: (66, 1), 67: (67, 0), 68: (68, 0)}
2020-03-11 23:22:09,282 [WARNING] [TRADER] Total fees: -8991.000000
2020-03-11 23:22:09,282 [WARNING] [TRADER] Total fees: -8991.000000
2020-03-11 23:22:09,282 [WARNING] [TRADER] Total fees: -8991.000000
2020-03-11 23:22:09,529 [WARNING] [TRADER] Total fees: -9229.000000
2020-03-11 23:22:09,530 [WARNING] [TRADER] Our position is: -50
2020-03-11 23:22:09,532 [WARNING] [TRADER] Below is the active order history:
2020-03-11 23:22:09,532 [WARNING] [TRADER] {63: (63, 3), 65: (65, 2), 66: (66, 2), 67: (67, 1), 68: (68, 1)}
2020-03-11 23:22:09,532 [WARNING] [TRADER] We bought!
2020-03-11 23:22:09,532 [WARNING] [TRADER] We sold!
2020-03-11 23:22:09,533 [WARNING] [TRADER] Below is the active order history:
2020-03-11 23:22:09,533 [WARNING] [TRADER] {63: (63, 3), 65: (65, 2), 66: (66, 2), 67: (67, 1), 68: (68, 1), 69: (69, 0), 70: (70, 0)}
2020-03-11 23:22:09,535 [WARNING] [TRADER] Total fees: -9229.000000
2020-03-11 23:22:09,535 [WARNING] [TRADER] Total fees: -9229.000000
2020-03-11 23:22:09,536 [WARNING] [TRADER] Total fees: -9229.000000
2020-03-11 23:22:09,778 [WARNING] [TRADER] Total fees: -9263.000000
2020-03-11 23:22:09,779 [WARNING] [TRADER] Our position is: -54
2020-03-11 23:22:09,779 [WARNING] [TRADER] Total fees: -9638.000000
2020-03-11 23:22:09,779 [WARNING] [TRADER] Our position is: -53
2020-03-11 23:22:09,781 [WARNING] [TRADER] Total fees: -9808.000000
2020-03-11 23:22:09,781 [WARNING] [TRADER] Our position is: -43
2020-03-11 23:22:09,782 [WARNING] [TRADER] Total fees: -10080.000000
2020-03-11 23:22:09,782 [WARNING] [TRADER] Our position is: -38
2020-03-11 23:22:09,784 [WARNING] [TRADER] Total fees: -10250.000000
2020-03-11 23:22:09,784 [WARNING] [TRADER] Our position is: -35
2020-03-11 23:22:09,785 [WARNING] [TRADER] Total fees: -10488.000000
2020-03-11 23:22:09,785 [WARNING] [TRADER] Our position is: -40
2020-03-11 23:22:09,786 [WARNING] [TRADER] Below is the active order history:
2020-03-11 23:22:09,786 [WARNING] [TRADER] {66: (66, 0), 67: (67, 2), 68: (68, 2), 70: (70, 1)}
2020-03-11 23:22:09,786 [WARNING] [TRADER] We bought!
2020-03-11 23:22:09,787 [WARNING] [TRADER] We sold!
2020-03-11 23:22:09,787 [WARNING] [TRADER] Below is the active order history:
2020-03-11 23:22:09,787 [WARNING] [TRADER] {66: (66, 0), 67: (67, 2), 68: (68, 2), 70: (70, 1), 71: (71, 0), 72: (72, 0)}
2020-03-11 23:22:09,789 [WARNING] [TRADER] Total fees: -10488.000000
2020-03-11 23:22:09,789 [WARNING] [TRADER] Total fees: -10488.000000
2020-03-11 23:22:10,027 [WARNING] [TRADER] Below is the active order history:
2020-03-11 23:22:10,028 [WARNING] [TRADER] {66: (66, 1), 67: (67, 3), 68: (68, 3), 70: (70, 2), 71: (71, 1), 72: (72, 1)}
2020-03-11 23:22:10,028 [WARNING] [TRADER] We bought!
2020-03-11 23:22:10,028 [WARNING] [TRADER] We sold!
2020-03-11 23:22:10,029 [WARNING] [TRADER] Below is the active order history:
2020-03-11 23:22:10,029 [WARNING] [TRADER] {66: (66, 1), 67: (67, 3), 68: (68, 3), 70: (70, 2), 71: (71, 1), 72: (72, 1), 73: (73, 0), 74: (74, 0)}
2020-03-11 23:22:10,029 [WARNING] [TRADER] Total fees: -10488.000000
2020-03-11 23:22:10,029 [WARNING] [TRADER] error with order 74: order rejected: in cross with an existing order
2020-03-11 23:22:10,029 [WARNING] [TRADER] Total fees: -10488.000000
2020-03-11 23:22:10,278 [WARNING] [TRADER] Below is the active order history:
2020-03-11 23:22:10,278 [WARNING] [TRADER] {66: (66, 1), 67: (67, 3), 68: (68, 3), 70: (70, 2), 71: (71, 1), 72: (72, 1), 73: (73, 0)}
2020-03-11 23:22:10,278 [WARNING] [TRADER] We bought!
2020-03-11 23:22:10,279 [WARNING] [TRADER] We sold!
2020-03-11 23:22:10,279 [WARNING] [TRADER] Below is the active order history:
2020-03-11 23:22:10,279 [WARNING] [TRADER] {66: (66, 1), 67: (67, 3), 68: (68, 3), 70: (70, 2), 71: (71, 1), 72: (72, 1), 73: (73, 0), 75: (75, 0), 76: (76, 0)}
2020-03-11 23:22:10,280 [WARNING] [TRADER] Total fees: -10488.000000
2020-03-11 23:22:10,280 [WARNING] [TRADER] error with order 76: order rejected: in cross with an existing order
2020-03-11 23:22:10,280 [WARNING] [TRADER] Total fees: -10488.000000
2020-03-11 23:22:10,527 [WARNING] [TRADER] Below is the active order history:
2020-03-11 23:22:10,528 [WARNING] [TRADER] {66: (66, 1), 67: (67, 3), 68: (68, 3), 70: (70, 2), 71: (71, 1), 72: (72, 1), 73: (73, 0), 75: (75, 0)}
2020-03-11 23:22:10,528 [WARNING] [TRADER] We bought!
2020-03-11 23:22:10,528 [WARNING] [TRADER] We sold!
2020-03-11 23:22:10,528 [WARNING] [TRADER] Below is the active order history:
2020-03-11 23:22:10,529 [WARNING] [TRADER] {66: (66, 1), 67: (67, 3), 68: (68, 3), 70: (70, 2), 71: (71, 1), 72: (72, 1), 73: (73, 0), 75: (75, 0), 77: (77, 0), 78: (78, 0)}
2020-03-11 23:22:10,529 [WARNING] [TRADER] Total fees: -10488.000000
2020-03-11 23:22:10,529 [WARNING] [TRADER] error with order 78: order rejected: in cross with an existing order
2020-03-11 23:22:10,529 [WARNING] [TRADER] Total fees: -10488.000000
2020-03-11 23:22:10,776 [WARNING] [TRADER] Total fees: -10760.000000
2020-03-11 23:22:10,777 [WARNING] [TRADER] Our position is: -42
2020-03-11 23:22:10,777 [WARNING] [TRADER] Total fees: -11134.000000
2020-03-11 23:22:10,777 [WARNING] [TRADER] Our position is: -43
2020-03-11 23:22:10,780 [WARNING] [TRADER] Below is the active order history:
2020-03-11 23:22:10,781 [WARNING] [TRADER] {67: (67, 3), 68: (68, 3), 70: (70, 2), 71: (71, 1), 72: (72, 1), 73: (73, 0), 75: (75, 0), 77: (77, 0)}
2020-03-11 23:22:10,781 [WARNING] [TRADER] We bought!
2020-03-11 23:22:10,781 [WARNING] [TRADER] We sold!
2020-03-11 23:22:10,781 [WARNING] [TRADER] Below is the active order history:
2020-03-11 23:22:10,782 [WARNING] [TRADER] {67: (67, 3), 68: (68, 3), 70: (70, 2), 71: (71, 1), 72: (72, 1), 73: (73, 0), 75: (75, 0), 77: (77, 0), 79: (79, 0), 80: (80, 0)}
2020-03-11 23:22:10,785 [WARNING] [TRADER] Total fees: -11134.000000
2020-03-11 23:22:10,785 [WARNING] [TRADER] error with order 80: order rejected: in cross with an existing order
2020-03-11 23:22:10,785 [WARNING] [TRADER] Total fees: -11134.000000
2020-03-11 23:22:10,786 [WARNING] [TRADER] Total fees: -11134.000000
2020-03-11 23:22:10,786 [WARNING] [TRADER] Total fees: -11134.000000
2020-03-11 23:22:11,028 [WARNING] [TRADER] Below is the active order history:
2020-03-11 23:22:11,028 [WARNING] [TRADER] {70: (70, 3), 71: (71, 2), 72: (72, 2), 73: (73, 1), 75: (75, 1), 77: (77, 1), 79: (79, 1)}
2020-03-11 23:22:11,028 [WARNING] [TRADER] We bought!
2020-03-11 23:22:11,029 [WARNING] [TRADER] We sold!
2020-03-11 23:22:11,029 [WARNING] [TRADER] Below is the active order history:
2020-03-11 23:22:11,029 [WARNING] [TRADER] {70: (70, 3), 71: (71, 2), 72: (72, 2), 73: (73, 1), 75: (75, 1), 77: (77, 1), 79: (79, 1), 81: (81, 0), 82: (82, 0)}
2020-03-11 23:22:11,031 [WARNING] [TRADER] Total fees: -11134.000000
2020-03-11 23:22:11,031 [WARNING] [TRADER] error with order 82: order rejected: in cross with an existing order
2020-03-11 23:22:11,031 [WARNING] [TRADER] Total fees: -11134.000000
2020-03-11 23:22:11,031 [WARNING] [TRADER] Total fees: -11134.000000
2020-03-11 23:22:11,278 [WARNING] [TRADER] Total fees: -11611.000000
2020-03-11 23:22:11,278 [WARNING] [TRADER] Our position is: -46
2020-03-11 23:22:11,279 [WARNING] [TRADER] Below is the active order history:
2020-03-11 23:22:11,279 [WARNING] [TRADER] {71: (71, 3), 72: (72, 0), 73: (73, 2), 75: (75, 2), 77: (77, 2), 79: (79, 2), 81: (81, 1)}
2020-03-11 23:22:11,279 [WARNING] [TRADER] We bought!
2020-03-11 23:22:11,280 [WARNING] [TRADER] We sold!
2020-03-11 23:22:11,280 [WARNING] [TRADER] Below is the active order history:
2020-03-11 23:22:11,280 [WARNING] [TRADER] {71: (71, 3), 72: (72, 0), 73: (73, 2), 75: (75, 2), 77: (77, 2), 79: (79, 2), 81: (81, 1), 83: (83, 0), 84: (84, 0)}
2020-03-11 23:22:11,282 [WARNING] [TRADER] Total fees: -11611.000000
2020-03-11 23:22:11,283 [WARNING] [TRADER] error with order 84: order rejected: in cross with an existing order
2020-03-11 23:22:11,283 [WARNING] [TRADER] Total fees: -11611.000000
2020-03-11 23:22:11,283 [WARNING] [TRADER] Total fees: -11611.000000
2020-03-11 23:22:11,526 [WARNING] [TRADER] Total fees: -12224.000000
2020-03-11 23:22:11,527 [WARNING] [TRADER] Our position is: -60
2020-03-11 23:22:11,528 [WARNING] [TRADER] Below is the active order history:
2020-03-11 23:22:11,528 [WARNING] [TRADER] {73: (73, 3), 75: (75, 3), 77: (77, 3), 79: (79, 3), 81: (81, 2), 83: (83, 1)}
2020-03-11 23:22:11,528 [WARNING] [TRADER] We bought!
2020-03-11 23:22:11,528 [WARNING] [TRADER] We sold!
2020-03-11 23:22:11,529 [WARNING] [TRADER] Below is the active order history:
2020-03-11 23:22:11,529 [WARNING] [TRADER] {73: (73, 3), 75: (75, 3), 77: (77, 3), 79: (79, 3), 81: (81, 2), 83: (83, 1), 85: (85, 0), 86: (86, 0)}
2020-03-11 23:22:11,530 [WARNING] [TRADER] Total fees: -12224.000000
2020-03-11 23:22:11,531 [WARNING] [TRADER] Total fees: -12224.000000
2020-03-11 23:22:11,531 [WARNING] [TRADER] Total fees: -12224.000000
2020-03-11 23:22:11,778 [WARNING] [TRADER] Below is the active order history:
2020-03-11 23:22:11,778 [WARNING] [TRADER] {75: (75, 4), 77: (77, 4), 79: (79, 4), 81: (81, 3), 83: (83, 2), 85: (85, 1), 86: (86, 1)}
2020-03-11 23:22:11,779 [WARNING] [TRADER] We bought!
2020-03-11 23:22:11,779 [WARNING] [TRADER] We sold!
2020-03-11 23:22:11,779 [WARNING] [TRADER] Below is the active order history:
2020-03-11 23:22:11,780 [WARNING] [TRADER] {75: (75, 4), 77: (77, 4), 79: (79, 4), 81: (81, 3), 83: (83, 2), 85: (85, 1), 86: (86, 1), 87: (87, 0), 88: (88, 0)}
2020-03-11 23:22:11,781 [WARNING] [TRADER] Total fees: -12224.000000
2020-03-11 23:22:11,781 [WARNING] [TRADER] Total fees: -12224.000000
2020-03-11 23:22:11,781 [WARNING] [TRADER] Total fees: -12224.000000
2020-03-11 23:22:12,028 [WARNING] [TRADER] Total fees: -12326.000000
2020-03-11 23:22:12,029 [WARNING] [TRADER] Our position is: -64
2020-03-11 23:22:12,029 [WARNING] [TRADER] Total fees: -12462.000000
2020-03-11 23:22:12,029 [WARNING] [TRADER] Our position is: -67
2020-03-11 23:22:12,029 [WARNING] [TRADER] Total fees: -12530.000000
2020-03-11 23:22:12,030 [WARNING] [TRADER] Our position is: -68
2020-03-11 23:22:12,033 [WARNING] [TRADER] Below is the active order history:
2020-03-11 23:22:12,033 [WARNING] [TRADER] {77: (77, 5), 79: (79, 5), 81: (81, 0), 83: (83, 3), 85: (85, 2), 86: (86, 0), 87: (87, 1), 88: (88, 1)}
2020-03-11 23:22:12,033 [WARNING] [TRADER] We bought!
2020-03-11 23:22:12,033 [WARNING] [TRADER] We sold!
2020-03-11 23:22:12,036 [WARNING] [TRADER] Below is the active order history:
2020-03-11 23:22:12,036 [WARNING] [TRADER] {81: (81, 1), 85: (85, 3), 86: (86, 1), 87: (87, 2), 88: (88, 2), 89: (89, 1), 90: (90, 1)}
2020-03-11 23:22:12,037 [WARNING] [TRADER] Total fees: -12700.000000
2020-03-11 23:22:12,037 [WARNING] [TRADER] Our position is: -66
2020-03-11 23:22:12,037 [WARNING] [TRADER] Total fees: -12700.000000
2020-03-11 23:22:12,038 [WARNING] [TRADER] Total fees: -12700.000000
2020-03-11 23:22:12,038 [WARNING] [TRADER] Total fees: -12700.000000
2020-03-11 23:22:12,038 [WARNING] [TRADER] Total fees: -12700.000000
2020-03-11 23:22:12,038 [WARNING] [TRADER] Total fees: -12700.000000
2020-03-11 23:22:12,278 [WARNING] [TRADER] Total fees: -13006.000000
2020-03-11 23:22:12,279 [WARNING] [TRADER] Our position is: -67
2020-03-11 23:22:12,280 [WARNING] [TRADER] Total fees: -13211.000000
2020-03-11 23:22:12,280 [WARNING] [TRADER] Our position is: -71
2020-03-11 23:22:12,281 [WARNING] [TRADER] Total fees: -13347.000000
2020-03-11 23:22:12,281 [WARNING] [TRADER] Our position is: -77
2020-03-11 23:22:12,282 [WARNING] [TRADER] Below is the active order history:
2020-03-11 23:22:12,282 [WARNING] [TRADER] {81: (81, 2), 85: (85, 4), 87: (87, 3), 89: (89, 2), 90: (90, 0)}
2020-03-11 23:22:12,282 [WARNING] [TRADER] RAT MODE ACTIVATED
2020-03-11 23:22:12,283 [WARNING] [TRADER] We bought!
2020-03-11 23:22:12,283 [WARNING] [TRADER] Below is the active order history:
2020-03-11 23:22:12,283 [WARNING] [TRADER] {81: (81, 3), 89: (89, 3), 90: (90, 1), 91: (91, 1)}
2020-03-11 23:22:12,285 [WARNING] [TRADER] error with order 91: order rejected: in cross with an existing order
2020-03-11 23:22:12,285 [WARNING] [TRADER] Total fees: -13347.000000
2020-03-11 23:22:12,285 [WARNING] [TRADER] Total fees: -13347.000000
2020-03-11 23:22:12,285 [WARNING] [TRADER] Total fees: -13347.000000
2020-03-11 23:22:12,286 [WARNING] [TRADER] Total fees: -13415.000000
2020-03-11 23:22:12,529 [WARNING] [TRADER] Total fees: -13687.000000
2020-03-11 23:22:12,529 [WARNING] [TRADER] Our position is: -81
2020-03-11 23:22:12,530 [WARNING] [TRADER] Below is the active order history:
2020-03-11 23:22:12,530 [WARNING] [TRADER] {89: (89, 4), 90: (90, 0)}
2020-03-11 23:22:12,530 [WARNING] [TRADER] RAT MODE ACTIVATED
2020-03-11 23:22:12,530 [WARNING] [TRADER] We bought!
2020-03-11 23:22:12,531 [WARNING] [TRADER] Below is the active order history:
2020-03-11 23:22:12,531 [WARNING] [TRADER] {90: (90, 1), 92: (92, 1)}
2020-03-11 23:22:12,531 [WARNING] [TRADER] error with order 92: order rejected: in cross with an existing order
2020-03-11 23:22:12,531 [WARNING] [TRADER] Total fees: -13687.000000
2020-03-11 23:22:12,532 [WARNING] [TRADER] Total fees: -13687.000000
2020-03-11 23:22:12,777 [WARNING] [TRADER] Total fees: -14164.000000
2020-03-11 23:22:12,778 [WARNING] [TRADER] Our position is: -85
2020-03-11 23:22:12,780 [WARNING] [TRADER] Below is the active order history:
2020-03-11 23:22:12,780 [WARNING] [TRADER] {}
2020-03-11 23:22:12,780 [WARNING] [TRADER] RAT MODE ACTIVATED
2020-03-11 23:22:12,781 [WARNING] [TRADER] We bought!
2020-03-11 23:22:12,781 [WARNING] [TRADER] Below is the active order history:
2020-03-11 23:22:12,781 [WARNING] [TRADER] {93: (93, 1)}
2020-03-11 23:22:12,784 [WARNING] [TRADER] Total fees: -14164.000000
2020-03-11 23:22:13,028 [WARNING] [TRADER] Below is the active order history:
2020-03-11 23:22:13,029 [WARNING] [TRADER] {93: (93, 2)}
2020-03-11 23:22:13,029 [WARNING] [TRADER] RAT MODE ACTIVATED
2020-03-11 23:22:13,029 [WARNING] [TRADER] We bought!
2020-03-11 23:22:13,030 [WARNING] [TRADER] Below is the active order history:
2020-03-11 23:22:13,030 [WARNING] [TRADER] {93: (93, 3), 94: (94, 1)}
2020-03-11 23:22:13,033 [WARNING] [TRADER] Total fees: -14096.000000
2020-03-11 23:22:13,034 [WARNING] [TRADER] Our position is: -91
2020-03-11 23:22:13,034 [WARNING] [TRADER] Total fees: -14096.000000
2020-03-11 23:22:13,277 [WARNING] [TRADER] Below is the active order history:
2020-03-11 23:22:13,277 [WARNING] [TRADER] {}
2020-03-11 23:22:13,277 [WARNING] [TRADER] RAT MODE ACTIVATED
2020-03-11 23:22:13,277 [WARNING] [TRADER] We bought!
2020-03-11 23:22:13,277 [WARNING] [TRADER] Below is the active order history:
2020-03-11 23:22:13,277 [WARNING] [TRADER] {95: (95, 1)}
2020-03-11 23:22:13,278 [WARNING] [TRADER] Total fees: -14096.000000
2020-03-11 23:22:13,528 [WARNING] [TRADER] Total fees: -14130.000000
2020-03-11 23:22:13,528 [WARNING] [TRADER] Our position is: -90
2020-03-11 23:22:13,529 [WARNING] [TRADER] Below is the active order history:
2020-03-11 23:22:13,529 [WARNING] [TRADER] {}
2020-03-11 23:22:13,529 [WARNING] [TRADER] RAT MODE ACTIVATED
2020-03-11 23:22:13,529 [WARNING] [TRADER] We bought!
2020-03-11 23:22:13,530 [WARNING] [TRADER] Below is the active order history:
2020-03-11 23:22:13,530 [WARNING] [TRADER] {96: (96, 1)}
2020-03-11 23:22:13,534 [WARNING] [TRADER] Total fees: -14062.000000
2020-03-11 23:22:13,534 [WARNING] [TRADER] Our position is: -89
2020-03-11 23:22:13,780 [WARNING] [TRADER] Below is the active order history:
2020-03-11 23:22:13,780 [WARNING] [TRADER] {}
2020-03-11 23:22:13,780 [WARNING] [TRADER] RAT MODE ACTIVATED
2020-03-11 23:22:13,781 [WARNING] [TRADER] We bought!
2020-03-11 23:22:13,782 [WARNING] [TRADER] Below is the active order history:
2020-03-11 23:22:13,782 [WARNING] [TRADER] {97: (97, 1)}
2020-03-11 23:22:13,787 [WARNING] [TRADER] Total fees: -14062.000000
2020-03-11 23:22:14,027 [WARNING] [TRADER] Total fees: -14096.000000
2020-03-11 23:22:14,027 [WARNING] [TRADER] Our position is: -88
2020-03-11 23:22:14,028 [WARNING] [TRADER] Below is the active order history:
2020-03-11 23:22:14,028 [WARNING] [TRADER] {}
2020-03-11 23:22:14,028 [WARNING] [TRADER] RAT MODE ACTIVATED
2020-03-11 23:22:14,028 [WARNING] [TRADER] We bought!
2020-03-11 23:22:14,028 [WARNING] [TRADER] Below is the active order history:
2020-03-11 23:22:14,028 [WARNING] [TRADER] {98: (98, 1)}
2020-03-11 23:22:14,029 [WARNING] [TRADER] Total fees: -14028.000000
2020-03-11 23:22:14,029 [WARNING] [TRADER] Our position is: -87
2020-03-11 23:22:14,279 [WARNING] [TRADER] Below is the active order history:
2020-03-11 23:22:14,280 [WARNING] [TRADER] {}
2020-03-11 23:22:14,280 [WARNING] [TRADER] RAT MODE ACTIVATED
2020-03-11 23:22:14,280 [WARNING] [TRADER] We bought!
2020-03-11 23:22:14,281 [WARNING] [TRADER] Below is the active order history:
2020-03-11 23:22:14,281 [WARNING] [TRADER] {99: (99, 0)}
2020-03-11 23:22:14,283 [WARNING] [TRADER] Total fees: -14028.000000
2020-03-11 23:22:14,528 [WARNING] [TRADER] Total fees: -14062.000000
2020-03-11 23:22:14,528 [WARNING] [TRADER] Our position is: -86
2020-03-11 23:22:14,530 [WARNING] [TRADER] Below is the active order history:
2020-03-11 23:22:14,531 [WARNING] [TRADER] {}
2020-03-11 23:22:14,531 [WARNING] [TRADER] RAT MODE ACTIVATED
2020-03-11 23:22:14,531 [WARNING] [TRADER] We bought!
2020-03-11 23:22:14,532 [WARNING] [TRADER] Below is the active order history:
2020-03-11 23:22:14,532 [WARNING] [TRADER] {100: (100, 0)}
2020-03-11 23:22:14,536 [WARNING] [TRADER] Total fees: -13994.000000
2020-03-11 23:22:14,537 [WARNING] [TRADER] Our position is: -85
2020-03-11 23:22:14,780 [WARNING] [TRADER] Below is the active order history:
2020-03-11 23:22:14,780 [WARNING] [TRADER] {}
2020-03-11 23:22:14,781 [WARNING] [TRADER] RAT MODE ACTIVATED
2020-03-11 23:22:14,781 [WARNING] [TRADER] We bought!
2020-03-11 23:22:14,781 [WARNING] [TRADER] Below is the active order history:
2020-03-11 23:22:14,781 [WARNING] [TRADER] {101: (101, 0)}
2020-03-11 23:22:14,785 [WARNING] [TRADER] Total fees: -13994.000000
2020-03-11 23:22:15,027 [WARNING] [TRADER] Total fees: -14028.000000
2020-03-11 23:22:15,028 [WARNING] [TRADER] Our position is: -84
2020-03-11 23:22:15,031 [WARNING] [TRADER] Below is the active order history:
2020-03-11 23:22:15,031 [WARNING] [TRADER] {}
2020-03-11 23:22:15,032 [WARNING] [TRADER] RAT MODE ACTIVATED
2020-03-11 23:22:15,032 [WARNING] [TRADER] We bought!
2020-03-11 23:22:15,032 [WARNING] [TRADER] Below is the active order history:
2020-03-11 23:22:15,032 [WARNING] [TRADER] {102: (102, 0)}
2020-03-11 23:22:15,036 [WARNING] [TRADER] Total fees: -14028.000000
2020-03-11 23:22:15,279 [WARNING] [TRADER] Below is the active order history:
2020-03-11 23:22:15,279 [WARNING] [TRADER] {102: (102, 1)}
2020-03-11 23:22:15,279 [WARNING] [TRADER] RAT MODE ACTIVATED
2020-03-11 23:22:15,279 [WARNING] [TRADER] We bought!
2020-03-11 23:22:15,280 [WARNING] [TRADER] Below is the active order history:
2020-03-11 23:22:15,280 [WARNING] [TRADER] {102: (102, 1), 103: (103, 0)}
2020-03-11 23:22:15,282 [WARNING] [TRADER] Total fees: -14028.000000
2020-03-11 23:22:15,529 [WARNING] [TRADER] Total fees: -14062.000000
2020-03-11 23:22:15,530 [WARNING] [TRADER] Our position is: -83
2020-03-11 23:22:15,530 [WARNING] [TRADER] Total fees: -14096.000000
2020-03-11 23:22:15,530 [WARNING] [TRADER] Our position is: -82
2020-03-11 23:22:15,531 [WARNING] [TRADER] Below is the active order history:
2020-03-11 23:22:15,531 [WARNING] [TRADER] {}
2020-03-11 23:22:15,531 [WARNING] [TRADER] RAT MODE ACTIVATED
2020-03-11 23:22:15,531 [WARNING] [TRADER] We bought!
2020-03-11 23:22:15,532 [WARNING] [TRADER] Below is the active order history:
2020-03-11 23:22:15,532 [WARNING] [TRADER] {104: (104, 0)}
2020-03-11 23:22:15,535 [WARNING] [TRADER] Total fees: -14096.000000
2020-03-11 23:22:15,778 [WARNING] [TRADER] Below is the active order history:
2020-03-11 23:22:15,779 [WARNING] [TRADER] {104: (104, 1)}
2020-03-11 23:22:15,779 [WARNING] [TRADER] RAT MODE ACTIVATED
2020-03-11 23:22:15,779 [WARNING] [TRADER] We bought!
2020-03-11 23:22:15,780 [WARNING] [TRADER] Below is the active order history:
2020-03-11 23:22:15,780 [WARNING] [TRADER] {104: (104, 1), 105: (105, 0)}
2020-03-11 23:22:15,783 [WARNING] [TRADER] Total fees: -14028.000000
2020-03-11 23:22:15,784 [WARNING] [TRADER] Our position is: -81
2020-03-11 23:22:16,027 [WARNING] [TRADER] Total fees: -14062.000000
2020-03-11 23:22:16,027 [WARNING] [TRADER] Our position is: -80
2020-03-11 23:22:16,028 [WARNING] [TRADER] Below is the active order history:
2020-03-11 23:22:16,028 [WARNING] [TRADER] {}
2020-03-11 23:22:16,028 [WARNING] [TRADER] RAT MODE ACTIVATED
2020-03-11 23:22:16,029 [WARNING] [TRADER] We bought!
2020-03-11 23:22:16,030 [WARNING] [TRADER] Below is the active order history:
2020-03-11 23:22:16,031 [WARNING] [TRADER] {106: (106, 0)}
2020-03-11 23:22:16,031 [WARNING] [TRADER] Total fees: -14062.000000
2020-03-11 23:22:16,282 [WARNING] [TRADER] Below is the active order history:
2020-03-11 23:22:16,282 [WARNING] [TRADER] {106: (106, 1)}
2020-03-11 23:22:16,282 [WARNING] [TRADER] RAT MODE ACTIVATED
2020-03-11 23:22:16,282 [WARNING] [TRADER] We bought!
2020-03-11 23:22:16,283 [WARNING] [TRADER] Below is the active order history:
2020-03-11 23:22:16,283 [WARNING] [TRADER] {106: (106, 1), 107: (107, 0)}
2020-03-11 23:22:16,285 [WARNING] [TRADER] Total fees: -14062.000000
2020-03-11 23:22:16,526 [WARNING] [TRADER] Total fees: -14096.000000
2020-03-11 23:22:16,527 [WARNING] [TRADER] Our position is: -79
2020-03-11 23:22:16,531 [WARNING] [TRADER] Below is the active order history:
2020-03-11 23:22:16,531 [WARNING] [TRADER] {106: (106, 2)}
2020-03-11 23:22:16,531 [WARNING] [TRADER] RAT MODE ACTIVATED
2020-03-11 23:22:16,531 [WARNING] [TRADER] We bought!
2020-03-11 23:22:16,532 [WARNING] [TRADER] Below is the active order history:
2020-03-11 23:22:16,532 [WARNING] [TRADER] {106: (106, 2), 108: (108, 0)}
2020-03-11 23:22:16,534 [WARNING] [TRADER] Total fees: -14096.000000
2020-03-11 23:22:16,778 [WARNING] [TRADER] Below is the active order history:
2020-03-11 23:22:16,779 [WARNING] [TRADER] {106: (106, 3), 108: (108, 1)}
2020-03-11 23:22:16,779 [WARNING] [TRADER] RAT MODE ACTIVATED
2020-03-11 23:22:16,779 [WARNING] [TRADER] We bought!
2020-03-11 23:22:16,780 [WARNING] [TRADER] Below is the active order history:
2020-03-11 23:22:16,781 [WARNING] [TRADER] {108: (108, 2), 109: (109, 1)}
2020-03-11 23:22:16,785 [WARNING] [TRADER] Total fees: -14096.000000
2020-03-11 23:22:16,785 [WARNING] [TRADER] Total fees: -14096.000000
2020-03-11 23:22:17,028 [WARNING] [TRADER] Below is the active order history:
2020-03-11 23:22:17,028 [WARNING] [TRADER] {108: (108, 3), 109: (109, 2)}
2020-03-11 23:22:17,029 [WARNING] [TRADER] RAT MODE ACTIVATED
2020-03-11 23:22:17,029 [WARNING] [TRADER] We bought!
2020-03-11 23:22:17,030 [WARNING] [TRADER] Below is the active order history:
2020-03-11 23:22:17,030 [WARNING] [TRADER] {109: (109, 3), 110: (110, 1)}
2020-03-11 23:22:17,030 [WARNING] [TRADER] Total fees: -14130.000000
2020-03-11 23:22:17,031 [WARNING] [TRADER] Our position is: -78
2020-03-11 23:22:17,033 [WARNING] [TRADER] Total fees: -14062.000000
2020-03-11 23:22:17,033 [WARNING] [TRADER] Our position is: -77
2020-03-11 23:22:17,034 [WARNING] [TRADER] Total fees: -14062.000000
2020-03-11 23:22:17,276 [WARNING] [TRADER] Below is the active order history:
2020-03-11 23:22:17,276 [WARNING] [TRADER] {}
2020-03-11 23:22:17,276 [WARNING] [TRADER] RAT MODE ACTIVATED
2020-03-11 23:22:17,276 [WARNING] [TRADER] We bought!
2020-03-11 23:22:17,276 [WARNING] [TRADER] Below is the active order history:
2020-03-11 23:22:17,276 [WARNING] [TRADER] {111: (111, 1)}
2020-03-11 23:22:17,277 [WARNING] [TRADER] Total fees: -14062.000000
2020-03-11 23:22:17,527 [WARNING] [TRADER] Below is the active order history:
2020-03-11 23:22:17,528 [WARNING] [TRADER] {111: (111, 2)}
2020-03-11 23:22:17,528 [WARNING] [TRADER] RAT MODE ACTIVATED
2020-03-11 23:22:17,528 [WARNING] [TRADER] We bought!
2020-03-11 23:22:17,529 [WARNING] [TRADER] Below is the active order history:
2020-03-11 23:22:17,529 [WARNING] [TRADER] {111: (111, 3), 112: (112, 1)}
2020-03-11 23:22:17,531 [WARNING] [TRADER] Total fees: -14096.000000
2020-03-11 23:22:17,532 [WARNING] [TRADER] Our position is: -76
2020-03-11 23:22:17,533 [WARNING] [TRADER] Total fees: -14096.000000
2020-03-11 23:22:17,777 [WARNING] [TRADER] Total fees: -14130.000000
2020-03-11 23:22:17,778 [WARNING] [TRADER] Our position is: -75
2020-03-11 23:22:17,780 [WARNING] [TRADER] Below is the active order history:
2020-03-11 23:22:17,781 [WARNING] [TRADER] {}
2020-03-11 23:22:17,781 [WARNING] [TRADER] RAT MODE ACTIVATED
2020-03-11 23:22:17,781 [WARNING] [TRADER] We bought!
2020-03-11 23:22:17,782 [WARNING] [TRADER] Below is the active order history:
2020-03-11 23:22:17,782 [WARNING] [TRADER] {113: (113, 1)}
2020-03-11 23:22:17,785 [WARNING] [TRADER] Total fees: -14062.000000
2020-03-11 23:22:17,785 [WARNING] [TRADER] Our position is: -74
2020-03-11 23:22:18,028 [WARNING] [TRADER] Below is the active order history:
2020-03-11 23:22:18,029 [WARNING] [TRADER] {}
2020-03-11 23:22:18,029 [WARNING] [TRADER] RAT MODE ACTIVATED
2020-03-11 23:22:18,029 [WARNING] [TRADER] We bought!
2020-03-11 23:22:18,030 [WARNING] [TRADER] Below is the active order history:
2020-03-11 23:22:18,030 [WARNING] [TRADER] {114: (114, 1)}
2020-03-11 23:22:18,032 [WARNING] [TRADER] Total fees: -13994.000000
2020-03-11 23:22:18,033 [WARNING] [TRADER] Our position is: -73
2020-03-11 23:22:18,278 [WARNING] [TRADER] Below is the active order history:
2020-03-11 23:22:18,278 [WARNING] [TRADER] {}
2020-03-11 23:22:18,278 [WARNING] [TRADER] RAT MODE ACTIVATED
2020-03-11 23:22:18,279 [WARNING] [TRADER] We bought!
2020-03-11 23:22:18,280 [WARNING] [TRADER] Below is the active order history:
2020-03-11 23:22:18,280 [WARNING] [TRADER] {115: (115, 1)}
2020-03-11 23:22:18,281 [WARNING] [TRADER] Total fees: -13994.000000
2020-03-11 23:22:18,529 [WARNING] [TRADER] Total fees: -14028.000000
2020-03-11 23:22:18,530 [WARNING] [TRADER] Our position is: -72
2020-03-11 23:22:18,532 [WARNING] [TRADER] Below is the active order history:
2020-03-11 23:22:18,532 [WARNING] [TRADER] {}
2020-03-11 23:22:18,533 [WARNING] [TRADER] RAT MODE ACTIVATED
2020-03-11 23:22:18,533 [WARNING] [TRADER] We bought!
2020-03-11 23:22:18,533 [WARNING] [TRADER] Below is the active order history:
2020-03-11 23:22:18,534 [WARNING] [TRADER] {116: (116, 1)}
2020-03-11 23:22:18,536 [WARNING] [TRADER] Total fees: -14028.000000
2020-03-11 23:22:18,778 [WARNING] [TRADER] Below is the active order history:
2020-03-11 23:22:18,778 [WARNING] [TRADER] {116: (116, 2)}
2020-03-11 23:22:18,778 [WARNING] [TRADER] RAT MODE ACTIVATED
2020-03-11 23:22:18,779 [WARNING] [TRADER] We bought!
2020-03-11 23:22:18,780 [WARNING] [TRADER] Below is the active order history:
2020-03-11 23:22:18,780 [WARNING] [TRADER] {116: (116, 3), 117: (117, 1)}
2020-03-11 23:22:18,781 [WARNING] [TRADER] Total fees: -14028.000000
2020-03-11 23:22:19,032 [WARNING] [TRADER] Below is the active order history:
2020-03-11 23:22:19,032 [WARNING] [TRADER] {116: (116, 3), 117: (117, 1)}
2020-03-11 23:22:19,032 [WARNING] [TRADER] RAT MODE ACTIVATED
2020-03-11 23:22:19,033 [WARNING] [TRADER] We bought!
2020-03-11 23:22:19,034 [WARNING] [TRADER] Below is the active order history:
2020-03-11 23:22:19,034 [WARNING] [TRADER] {117: (117, 2), 118: (118, 1)}
2020-03-11 23:22:19,038 [WARNING] [TRADER] Total fees: -14028.000000
2020-03-11 23:22:19,039 [WARNING] [TRADER] Total fees: -14028.000000
2020-03-11 23:22:19,280 [WARNING] [TRADER] Below is the active order history:
2020-03-11 23:22:19,281 [WARNING] [TRADER] {117: (117, 3), 118: (118, 2)}
2020-03-11 23:22:19,281 [WARNING] [TRADER] RAT MODE ACTIVATED
2020-03-11 23:22:19,281 [WARNING] [TRADER] We bought!
2020-03-11 23:22:19,282 [WARNING] [TRADER] Below is the active order history:
2020-03-11 23:22:19,282 [WARNING] [TRADER] {118: (118, 3), 119: (119, 1)}
2020-03-11 23:22:19,285 [WARNING] [TRADER] Total fees: -14028.000000
2020-03-11 23:22:19,285 [WARNING] [TRADER] Total fees: -14028.000000
2020-03-11 23:22:19,285 [WARNING] [TRADER] Total fees: -14028.000000
2020-03-11 23:22:19,529 [WARNING] [TRADER] Total fees: -14062.000000
2020-03-11 23:22:19,530 [WARNING] [TRADER] Our position is: -71
2020-03-11 23:22:19,533 [WARNING] [TRADER] Below is the active order history:
2020-03-11 23:22:19,534 [WARNING] [TRADER] {}
2020-03-11 23:22:19,534 [WARNING] [TRADER] RAT MODE ACTIVATED
2020-03-11 23:22:19,534 [WARNING] [TRADER] We bought!
2020-03-11 23:22:19,535 [WARNING] [TRADER] Below is the active order history:
2020-03-11 23:22:19,535 [WARNING] [TRADER] {120: (120, 1)}
2020-03-11 23:22:19,539 [WARNING] [TRADER] Total fees: -13994.000000
2020-03-11 23:22:19,539 [WARNING] [TRADER] Our position is: -70
2020-03-11 23:22:19,782 [WARNING] [TRADER] Below is the active order history:
2020-03-11 23:22:19,783 [WARNING] [TRADER] {}
2020-03-11 23:22:19,783 [WARNING] [TRADER] RAT MODE ACTIVATED
2020-03-11 23:22:19,783 [WARNING] [TRADER] We bought!
2020-03-11 23:22:19,784 [WARNING] [TRADER] Below is the active order history:
2020-03-11 23:22:19,784 [WARNING] [TRADER] {121: (121, 1)}
2020-03-11 23:22:19,788 [WARNING] [TRADER] Total fees: -13926.000000
2020-03-11 23:22:19,788 [WARNING] [TRADER] Our position is: -69
2020-03-11 23:22:20,032 [WARNING] [TRADER] Below is the active order history:
2020-03-11 23:22:20,033 [WARNING] [TRADER] {}
2020-03-11 23:22:20,033 [WARNING] [TRADER] RAT MODE ACTIVATED
2020-03-11 23:22:20,033 [WARNING] [TRADER] We bought!
2020-03-11 23:22:20,033 [WARNING] [TRADER] Below is the active order history:
2020-03-11 23:22:20,034 [WARNING] [TRADER] {122: (122, 0)}
2020-03-11 23:22:20,039 [WARNING] [TRADER] Total fees: -13858.000000
2020-03-11 23:22:20,039 [WARNING] [TRADER] Our position is: -68
2020-03-11 23:22:20,281 [WARNING] [TRADER] Below is the active order history:
2020-03-11 23:22:20,281 [WARNING] [TRADER] {}
2020-03-11 23:22:20,281 [WARNING] [TRADER] RAT MODE ACTIVATED
2020-03-11 23:22:20,281 [WARNING] [TRADER] We bought!
2020-03-11 23:22:20,283 [WARNING] [TRADER] Below is the active order history:
2020-03-11 23:22:20,283 [WARNING] [TRADER] {123: (123, 0)}
2020-03-11 23:22:20,286 [WARNING] [TRADER] Total fees: -13790.000000
2020-03-11 23:22:20,286 [WARNING] [TRADER] Our position is: -67
2020-03-11 23:22:20,527 [WARNING] [TRADER] Below is the active order history:
2020-03-11 23:22:20,527 [WARNING] [TRADER] {}
2020-03-11 23:22:20,527 [WARNING] [TRADER] RAT MODE ACTIVATED
2020-03-11 23:22:20,527 [WARNING] [TRADER] We bought!
2020-03-11 23:22:20,527 [WARNING] [TRADER] Below is the active order history:
2020-03-11 23:22:20,527 [WARNING] [TRADER] {124: (124, 0)}
2020-03-11 23:22:20,528 [WARNING] [TRADER] Total fees: -13790.000000
2020-03-11 23:22:20,780 [WARNING] [TRADER] Below is the active order history:
2020-03-11 23:22:20,780 [WARNING] [TRADER] {124: (124, 1)}
2020-03-11 23:22:20,781 [WARNING] [TRADER] RAT MODE ACTIVATED
2020-03-11 23:22:20,781 [WARNING] [TRADER] We bought!
2020-03-11 23:22:20,784 [WARNING] [TRADER] Below is the active order history:
2020-03-11 23:22:20,784 [WARNING] [TRADER] {124: (124, 2), 125: (125, 1)}
2020-03-11 23:22:20,786 [WARNING] [TRADER] Total fees: -13790.000000
2020-03-11 23:22:21,028 [WARNING] [TRADER] Below is the active order history:
2020-03-11 23:22:21,028 [WARNING] [TRADER] {124: (124, 2), 125: (125, 1)}
2020-03-11 23:22:21,028 [WARNING] [TRADER] RAT MODE ACTIVATED
2020-03-11 23:22:21,028 [WARNING] [TRADER] We bought!
2020-03-11 23:22:21,028 [WARNING] [TRADER] Below is the active order history:
2020-03-11 23:22:21,028 [WARNING] [TRADER] {124: (124, 3), 125: (125, 2), 126: (126, 1)}
2020-03-11 23:22:21,028 [WARNING] [TRADER] Total fees: -13722.000000
2020-03-11 23:22:21,028 [WARNING] [TRADER] Our position is: -66
2020-03-11 23:22:21,029 [WARNING] [TRADER] Total fees: -13722.000000
2020-03-11 23:22:21,279 [WARNING] [TRADER] Below is the active order history:
2020-03-11 23:22:21,279 [WARNING] [TRADER] {125: (125, 3)}
2020-03-11 23:22:21,279 [WARNING] [TRADER] RAT MODE ACTIVATED
2020-03-11 23:22:21,280 [WARNING] [TRADER] We bought!
2020-03-11 23:22:21,281 [WARNING] [TRADER] Below is the active order history:
2020-03-11 23:22:21,281 [WARNING] [TRADER] {127: (127, 1)}
2020-03-11 23:22:21,284 [WARNING] [TRADER] Total fees: -13654.000000
2020-03-11 23:22:21,285 [WARNING] [TRADER] Our position is: -65
2020-03-11 23:22:21,285 [WARNING] [TRADER] Total fees: -13654.000000
2020-03-11 23:22:21,530 [WARNING] [TRADER] Below is the active order history:
2020-03-11 23:22:21,530 [WARNING] [TRADER] {}
2020-03-11 23:22:21,531 [WARNING] [TRADER] RAT MODE ACTIVATED
2020-03-11 23:22:21,531 [WARNING] [TRADER] We bought!
2020-03-11 23:22:21,531 [WARNING] [TRADER] Below is the active order history:
2020-03-11 23:22:21,532 [WARNING] [TRADER] {128: (128, 0)}
2020-03-11 23:22:21,533 [WARNING] [TRADER] Total fees: -13586.000000
2020-03-11 23:22:21,533 [WARNING] [TRADER] Our position is: -64
2020-03-11 23:22:21,778 [WARNING] [TRADER] Below is the active order history:
2020-03-11 23:22:21,778 [WARNING] [TRADER] {}
2020-03-11 23:22:21,778 [WARNING] [TRADER] RAT MODE ACTIVATED
2020-03-11 23:22:21,779 [WARNING] [TRADER] We bought!
2020-03-11 23:22:21,779 [WARNING] [TRADER] Below is the active order history:
2020-03-11 23:22:21,779 [WARNING] [TRADER] {129: (129, 0)}
2020-03-11 23:22:21,783 [WARNING] [TRADER] Total fees: -13518.000000
2020-03-11 23:22:21,783 [WARNING] [TRADER] Our position is: -63
2020-03-11 23:22:22,027 [WARNING] [TRADER] Below is the active order history:
2020-03-11 23:22:22,027 [WARNING] [TRADER] {}
2020-03-11 23:22:22,028 [WARNING] [TRADER] RAT MODE ACTIVATED
2020-03-11 23:22:22,028 [WARNING] [TRADER] We bought!
2020-03-11 23:22:22,028 [WARNING] [TRADER] Below is the active order history:
2020-03-11 23:22:22,028 [WARNING] [TRADER] {130: (130, 0)}
2020-03-11 23:22:22,029 [WARNING] [TRADER] Total fees: -13518.000000
2020-03-11 23:22:22,279 [WARNING] [TRADER] Below is the active order history:
2020-03-11 23:22:22,280 [WARNING] [TRADER] {130: (130, 1)}
2020-03-11 23:22:22,280 [WARNING] [TRADER] RAT MODE ACTIVATED
2020-03-11 23:22:22,280 [WARNING] [TRADER] We bought!
2020-03-11 23:22:22,281 [WARNING] [TRADER] Below is the active order history:
2020-03-11 23:22:22,281 [WARNING] [TRADER] {130: (130, 1), 131: (131, 0)}
2020-03-11 23:22:22,283 [WARNING] [TRADER] Total fees: -13552.000000
2020-03-11 23:22:22,283 [WARNING] [TRADER] Our position is: -62
2020-03-11 23:22:22,286 [WARNING] [TRADER] Total fees: -13484.000000
2020-03-11 23:22:22,286 [WARNING] [TRADER] Our position is: -61
2020-03-11 23:22:22,531 [WARNING] [TRADER] Below is the active order history:
2020-03-11 23:22:22,531 [WARNING] [TRADER] {}
2020-03-11 23:22:22,532 [WARNING] [TRADER] RAT MODE ACTIVATED
2020-03-11 23:22:22,532 [WARNING] [TRADER] We bought!
2020-03-11 23:22:22,532 [WARNING] [TRADER] Below is the active order history:
2020-03-11 23:22:22,532 [WARNING] [TRADER] {132: (132, 0)}
2020-03-11 23:22:22,535 [WARNING] [TRADER] Total fees: -13484.000000
2020-03-11 23:22:22,779 [WARNING] [TRADER] Below is the active order history:
2020-03-11 23:22:22,779 [WARNING] [TRADER] {132: (132, 1)}
2020-03-11 23:22:22,779 [WARNING] [TRADER] RAT MODE ACTIVATED
2020-03-11 23:22:22,779 [WARNING] [TRADER] We bought!
2020-03-11 23:22:22,781 [WARNING] [TRADER] Below is the active order history:
2020-03-11 23:22:22,782 [WARNING] [TRADER] {132: (132, 2), 133: (133, 1)}
2020-03-11 23:22:22,782 [WARNING] [TRADER] Total fees: -13484.000000
2020-03-11 23:22:23,028 [WARNING] [TRADER] Below is the active order history:
2020-03-11 23:22:23,028 [WARNING] [TRADER] {132: (132, 2), 133: (133, 1)}
2020-03-11 23:22:23,028 [WARNING] [TRADER] RAT MODE ACTIVATED
2020-03-11 23:22:23,028 [WARNING] [TRADER] We bought!
2020-03-11 23:22:23,029 [WARNING] [TRADER] Below is the active order history:
2020-03-11 23:22:23,029 [WARNING] [TRADER] {132: (132, 2), 133: (133, 1), 134: (134, 0)}
2020-03-11 23:22:23,030 [WARNING] [TRADER] Total fees: -13416.000000
2020-03-11 23:22:23,030 [WARNING] [TRADER] Our position is: -60
2020-03-11 23:22:23,279 [WARNING] [TRADER] Total fees: -13450.000000
2020-03-11 23:22:23,280 [WARNING] [TRADER] Our position is: -59
2020-03-11 23:22:23,280 [WARNING] [TRADER] Total fees: -13484.000000
2020-03-11 23:22:23,280 [WARNING] [TRADER] Our position is: -58
2020-03-11 23:22:23,281 [WARNING] [TRADER] Below is the active order history:
2020-03-11 23:22:23,281 [WARNING] [TRADER] {}
2020-03-11 23:22:23,281 [WARNING] [TRADER] RAT MODE ACTIVATED
2020-03-11 23:22:23,281 [WARNING] [TRADER] We bought!
2020-03-11 23:22:23,282 [WARNING] [TRADER] Below is the active order history:
2020-03-11 23:22:23,282 [WARNING] [TRADER] {135: (135, 0)}
2020-03-11 23:22:23,287 [WARNING] [TRADER] Total fees: -13416.000000
2020-03-11 23:22:23,287 [WARNING] [TRADER] Our position is: -57
2020-03-11 23:22:23,528 [WARNING] [TRADER] Below is the active order history:
2020-03-11 23:22:23,528 [WARNING] [TRADER] {}
2020-03-11 23:22:23,528 [WARNING] [TRADER] RAT MODE ACTIVATED
2020-03-11 23:22:23,528 [WARNING] [TRADER] We bought!
2020-03-11 23:22:23,528 [WARNING] [TRADER] Below is the active order history:
2020-03-11 23:22:23,528 [WARNING] [TRADER] {136: (136, 0)}
2020-03-11 23:22:23,530 [WARNING] [TRADER] Total fees: -13348.000000
2020-03-11 23:22:23,530 [WARNING] [TRADER] Our position is: -56
2020-03-11 23:22:23,785 [WARNING] [TRADER] Below is the active order history:
2020-03-11 23:22:23,785 [WARNING] [TRADER] {}
2020-03-11 23:22:23,786 [WARNING] [TRADER] RAT MODE ACTIVATED
2020-03-11 23:22:23,786 [WARNING] [TRADER] We bought!
2020-03-11 23:22:23,786 [WARNING] [TRADER] Below is the active order history:
2020-03-11 23:22:23,787 [WARNING] [TRADER] {137: (137, 0)}
2020-03-11 23:22:23,790 [WARNING] [TRADER] Total fees: -13348.000000
2020-03-11 23:22:24,029 [WARNING] [TRADER] Below is the active order history:
2020-03-11 23:22:24,029 [WARNING] [TRADER] {137: (137, 1)}
2020-03-11 23:22:24,029 [WARNING] [TRADER] RAT MODE ACTIVATED
2020-03-11 23:22:24,030 [WARNING] [TRADER] We bought!
2020-03-11 23:22:24,030 [WARNING] [TRADER] Below is the active order history:
2020-03-11 23:22:24,030 [WARNING] [TRADER] {137: (137, 1), 138: (138, 0)}
2020-03-11 23:22:24,031 [WARNING] [TRADER] Total fees: -13280.000000
2020-03-11 23:22:24,032 [WARNING] [TRADER] Our position is: -55
2020-03-11 23:22:24,279 [WARNING] [TRADER] Below is the active order history:
2020-03-11 23:22:24,279 [WARNING] [TRADER] {137: (137, 2)}
2020-03-11 23:22:24,279 [WARNING] [TRADER] RAT MODE ACTIVATED
2020-03-11 23:22:24,280 [WARNING] [TRADER] We bought!
2020-03-11 23:22:24,280 [WARNING] [TRADER] Below is the active order history:
2020-03-11 23:22:24,280 [WARNING] [TRADER] {137: (137, 2), 139: (139, 0)}
2020-03-11 23:22:24,283 [WARNING] [TRADER] Total fees: -13280.000000
2020-03-11 23:22:24,284 [WARNING] [TRADER] Total fees: -13314.000000
2020-03-11 23:22:24,284 [WARNING] [TRADER] Our position is: -54
2020-03-11 23:22:24,527 [WARNING] [TRADER] Total fees: -13348.000000
2020-03-11 23:22:24,528 [WARNING] [TRADER] Our position is: -53
2020-03-11 23:22:24,530 [WARNING] [TRADER] Below is the active order history:
2020-03-11 23:22:24,530 [WARNING] [TRADER] {}
2020-03-11 23:22:24,530 [WARNING] [TRADER] RAT MODE ACTIVATED
2020-03-11 23:22:24,531 [WARNING] [TRADER] We bought!
2020-03-11 23:22:24,533 [WARNING] [TRADER] Below is the active order history:
2020-03-11 23:22:24,533 [WARNING] [TRADER] {140: (140, 0)}
2020-03-11 23:22:24,537 [WARNING] [TRADER] Total fees: -13280.000000
2020-03-11 23:22:24,537 [WARNING] [TRADER] Our position is: -52
2020-03-11 23:22:24,779 [WARNING] [TRADER] Below is the active order history:
2020-03-11 23:22:24,779 [WARNING] [TRADER] {}
2020-03-11 23:22:24,779 [WARNING] [TRADER] RAT MODE ACTIVATED
2020-03-11 23:22:24,780 [WARNING] [TRADER] We bought!
2020-03-11 23:22:24,780 [WARNING] [TRADER] Below is the active order history:
2020-03-11 23:22:24,780 [WARNING] [TRADER] {141: (141, 0)}
2020-03-11 23:22:24,781 [WARNING] [TRADER] Total fees: -13212.000000
2020-03-11 23:22:24,782 [WARNING] [TRADER] Our position is: -51
2020-03-11 23:22:25,028 [WARNING] [TRADER] Below is the active order history:
2020-03-11 23:22:25,028 [WARNING] [TRADER] {}
2020-03-11 23:22:25,028 [WARNING] [TRADER] RAT MODE ACTIVATED
2020-03-11 23:22:25,028 [WARNING] [TRADER] We bought!
2020-03-11 23:22:25,029 [WARNING] [TRADER] Below is the active order history:
2020-03-11 23:22:25,029 [WARNING] [TRADER] {142: (142, 0)}
2020-03-11 23:22:25,031 [WARNING] [TRADER] Total fees: -13144.000000
2020-03-11 23:22:25,031 [WARNING] [TRADER] Our position is: -50
2020-03-11 23:22:25,278 [WARNING] [TRADER] Below is the active order history:
2020-03-11 23:22:25,278 [WARNING] [TRADER] {}
2020-03-11 23:22:25,279 [WARNING] [TRADER] RAT MODE ACTIVATED
2020-03-11 23:22:25,279 [WARNING] [TRADER] We bought!
2020-03-11 23:22:25,280 [WARNING] [TRADER] Below is the active order history:
2020-03-11 23:22:25,280 [WARNING] [TRADER] {143: (143, 0)}
2020-03-11 23:22:25,281 [WARNING] [TRADER] Total fees: -13076.000000
2020-03-11 23:22:25,281 [WARNING] [TRADER] Our position is: -49
2020-03-11 23:22:25,529 [WARNING] [TRADER] Below is the active order history:
2020-03-11 23:22:25,529 [WARNING] [TRADER] {}
2020-03-11 23:22:25,529 [WARNING] [TRADER] RAT MODE ACTIVATED
2020-03-11 23:22:25,530 [WARNING] [TRADER] We bought!
2020-03-11 23:22:25,531 [WARNING] [TRADER] Below is the active order history:
2020-03-11 23:22:25,531 [WARNING] [TRADER] {144: (144, 1)}
2020-03-11 23:22:25,535 [WARNING] [TRADER] Total fees: -13008.000000
2020-03-11 23:22:25,535 [WARNING] [TRADER] Our position is: -48
2020-03-11 23:22:25,779 [WARNING] [TRADER] Below is the active order history:
2020-03-11 23:22:25,779 [WARNING] [TRADER] {}
2020-03-11 23:22:25,779 [WARNING] [TRADER] RAT MODE ACTIVATED
2020-03-11 23:22:25,779 [WARNING] [TRADER] We bought!
2020-03-11 23:22:25,781 [WARNING] [TRADER] Below is the active order history:
2020-03-11 23:22:25,781 [WARNING] [TRADER] {145: (145, 1)}
2020-03-11 23:22:25,786 [WARNING] [TRADER] Total fees: -12940.000000
2020-03-11 23:22:25,787 [WARNING] [TRADER] Our position is: -47
2020-03-11 23:22:26,028 [WARNING] [TRADER] Below is the active order history:
2020-03-11 23:22:26,029 [WARNING] [TRADER] {}
2020-03-11 23:22:26,029 [WARNING] [TRADER] RAT MODE ACTIVATED
2020-03-11 23:22:26,029 [WARNING] [TRADER] We bought!
2020-03-11 23:22:26,030 [WARNING] [TRADER] Below is the active order history:
2020-03-11 23:22:26,030 [WARNING] [TRADER] {146: (146, 1)}
2020-03-11 23:22:26,036 [WARNING] [TRADER] Total fees: -12872.000000
2020-03-11 23:22:26,037 [WARNING] [TRADER] Our position is: -46
2020-03-11 23:22:26,278 [WARNING] [TRADER] Below is the active order history:
2020-03-11 23:22:26,279 [WARNING] [TRADER] {}
2020-03-11 23:22:26,279 [WARNING] [TRADER] RAT MODE ACTIVATED
2020-03-11 23:22:26,279 [WARNING] [TRADER] We bought!
2020-03-11 23:22:26,280 [WARNING] [TRADER] Below is the active order history:
2020-03-11 23:22:26,280 [WARNING] [TRADER] {147: (147, 0)}
2020-03-11 23:22:26,285 [WARNING] [TRADER] Total fees: -12804.000000
2020-03-11 23:22:26,285 [WARNING] [TRADER] Our position is: -45
2020-03-11 23:22:26,528 [WARNING] [TRADER] Below is the active order history:
2020-03-11 23:22:26,528 [WARNING] [TRADER] {}
2020-03-11 23:22:26,529 [WARNING] [TRADER] RAT MODE ACTIVATED
2020-03-11 23:22:26,529 [WARNING] [TRADER] We bought!
2020-03-11 23:22:26,529 [WARNING] [TRADER] Below is the active order history:
2020-03-11 23:22:26,530 [WARNING] [TRADER] {148: (148, 0)}
2020-03-11 23:22:26,532 [WARNING] [TRADER] Total fees: -12736.000000
2020-03-11 23:22:26,533 [WARNING] [TRADER] Our position is: -44
2020-03-11 23:22:26,781 [WARNING] [TRADER] Below is the active order history:
2020-03-11 23:22:26,781 [WARNING] [TRADER] {}
2020-03-11 23:22:26,781 [WARNING] [TRADER] RAT MODE ACTIVATED
2020-03-11 23:22:26,782 [WARNING] [TRADER] We bought!
2020-03-11 23:22:26,783 [WARNING] [TRADER] Below is the active order history:
2020-03-11 23:22:26,784 [WARNING] [TRADER] {149: (149, 1)}
2020-03-11 23:22:26,786 [WARNING] [TRADER] Total fees: -12736.000000
2020-03-11 23:22:27,029 [WARNING] [TRADER] Below is the active order history:
2020-03-11 23:22:27,029 [WARNING] [TRADER] {149: (149, 2)}
2020-03-11 23:22:27,029 [WARNING] [TRADER] RAT MODE ACTIVATED
2020-03-11 23:22:27,029 [WARNING] [TRADER] We bought!
2020-03-11 23:22:27,030 [WARNING] [TRADER] Below is the active order history:
2020-03-11 23:22:27,031 [WARNING] [TRADER] {149: (149, 3), 150: (150, 1)}
2020-03-11 23:22:27,033 [WARNING] [TRADER] Total fees: -12668.000000
2020-03-11 23:22:27,033 [WARNING] [TRADER] Our position is: -43
2020-03-11 23:22:27,033 [WARNING] [TRADER] Total fees: -12668.000000
2020-03-11 23:22:27,279 [WARNING] [TRADER] Below is the active order history:
2020-03-11 23:22:27,279 [WARNING] [TRADER] {}
2020-03-11 23:22:27,279 [WARNING] [TRADER] RAT MODE ACTIVATED
2020-03-11 23:22:27,280 [WARNING] [TRADER] We bought!
2020-03-11 23:22:27,280 [WARNING] [TRADER] Below is the active order history:
2020-03-11 23:22:27,280 [WARNING] [TRADER] {151: (151, 0)}
2020-03-11 23:22:27,284 [WARNING] [TRADER] Total fees: -12668.000000
2020-03-11 23:22:27,527 [WARNING] [TRADER] Below is the active order history:
2020-03-11 23:22:27,528 [WARNING] [TRADER] {151: (151, 1)}
2020-03-11 23:22:27,528 [WARNING] [TRADER] RAT MODE ACTIVATED
2020-03-11 23:22:27,528 [WARNING] [TRADER] We bought!
2020-03-11 23:22:27,529 [WARNING] [TRADER] Below is the active order history:
2020-03-11 23:22:27,529 [WARNING] [TRADER] {151: (151, 1), 152: (152, 0)}
2020-03-11 23:22:27,530 [WARNING] [TRADER] Total fees: -12668.000000
2020-03-11 23:22:27,779 [WARNING] [TRADER] Below is the active order history:
2020-03-11 23:22:27,779 [WARNING] [TRADER] {151: (151, 2), 152: (152, 1)}
2020-03-11 23:22:27,779 [WARNING] [TRADER] RAT MODE ACTIVATED
2020-03-11 23:22:27,780 [WARNING] [TRADER] We bought!
2020-03-11 23:22:27,782 [WARNING] [TRADER] Below is the active order history:
2020-03-11 23:22:27,782 [WARNING] [TRADER] {151: (151, 3), 152: (152, 2), 153: (153, 1)}
2020-03-11 23:22:27,784 [WARNING] [TRADER] Total fees: -12668.000000
2020-03-11 23:22:27,785 [WARNING] [TRADER] Total fees: -12668.000000
2020-03-11 23:22:28,027 [WARNING] [TRADER] Below is the active order history:
2020-03-11 23:22:28,027 [WARNING] [TRADER] {152: (152, 3), 153: (153, 2)}
2020-03-11 23:22:28,028 [WARNING] [TRADER] RAT MODE ACTIVATED
2020-03-11 23:22:28,028 [WARNING] [TRADER] We bought!
2020-03-11 23:22:28,028 [WARNING] [TRADER] Below is the active order history:
2020-03-11 23:22:28,029 [WARNING] [TRADER] {152: (152, 3), 153: (153, 2), 154: (154, 0)}
2020-03-11 23:22:28,031 [WARNING] [TRADER] Total fees: -12702.000000
2020-03-11 23:22:28,032 [WARNING] [TRADER] Our position is: -42
2020-03-11 23:22:28,033 [WARNING] [TRADER] Total fees: -12736.000000
2020-03-11 23:22:28,033 [WARNING] [TRADER] Our position is: -41
2020-03-11 23:22:28,034 [WARNING] [TRADER] Total fees: -12736.000000
2020-03-11 23:22:28,277 [WARNING] [TRADER] Total fees: -12770.000000
2020-03-11 23:22:28,278 [WARNING] [TRADER] Our position is: -40
2020-03-11 23:22:28,280 [WARNING] [TRADER] Below is the active order history:
2020-03-11 23:22:28,280 [WARNING] [TRADER] {}
2020-03-11 23:22:28,281 [WARNING] [TRADER] RAT MODE ACTIVATED
2020-03-11 23:22:28,281 [WARNING] [TRADER] We bought!
2020-03-11 23:22:28,281 [WARNING] [TRADER] Below is the active order history:
2020-03-11 23:22:28,282 [WARNING] [TRADER] {155: (155, 0)}
2020-03-11 23:22:28,286 [WARNING] [TRADER] Total fees: -12702.000000
2020-03-11 23:22:28,286 [WARNING] [TRADER] Our position is: -39
2020-03-11 23:22:28,530 [WARNING] [TRADER] Below is the active order history:
2020-03-11 23:22:28,530 [WARNING] [TRADER] {}
2020-03-11 23:22:28,530 [WARNING] [TRADER] RAT MODE ACTIVATED
2020-03-11 23:22:28,530 [WARNING] [TRADER] We bought!
2020-03-11 23:22:28,531 [WARNING] [TRADER] Below is the active order history:
2020-03-11 23:22:28,532 [WARNING] [TRADER] {156: (156, 0)}
2020-03-11 23:22:28,538 [WARNING] [TRADER] Total fees: -12702.000000
2020-03-11 23:22:28,779 [WARNING] [TRADER] Below is the active order history:
2020-03-11 23:22:28,779 [WARNING] [TRADER] {156: (156, 1)}
2020-03-11 23:22:28,779 [WARNING] [TRADER] RAT MODE ACTIVATED
2020-03-11 23:22:28,780 [WARNING] [TRADER] We bought!
2020-03-11 23:22:28,780 [WARNING] [TRADER] Below is the active order history:
2020-03-11 23:22:28,780 [WARNING] [TRADER] {156: (156, 1), 157: (157, 0)}
2020-03-11 23:22:28,781 [WARNING] [TRADER] Total fees: -12702.000000
2020-03-11 23:22:29,027 [WARNING] [TRADER] Below is the active order history:
2020-03-11 23:22:29,028 [WARNING] [TRADER] {156: (156, 1), 157: (157, 0)}
2020-03-11 23:22:29,028 [WARNING] [TRADER] RAT MODE ACTIVATED
2020-03-11 23:22:29,028 [WARNING] [TRADER] We bought!
2020-03-11 23:22:29,028 [WARNING] [TRADER] Below is the active order history:
2020-03-11 23:22:29,029 [WARNING] [TRADER] {156: (156, 1), 157: (157, 0), 158: (158, 0)}
2020-03-11 23:22:29,029 [WARNING] [TRADER] Total fees: -12702.000000
2020-03-11 23:22:29,279 [WARNING] [TRADER] Total fees: -12736.000000
2020-03-11 23:22:29,280 [WARNING] [TRADER] Our position is: -38
2020-03-11 23:22:29,280 [WARNING] [TRADER] Total fees: -12770.000000
2020-03-11 23:22:29,280 [WARNING] [TRADER] Our position is: -37
2020-03-11 23:22:29,280 [WARNING] [TRADER] Total fees: -12804.000000
2020-03-11 23:22:29,280 [WARNING] [TRADER] Our position is: -36
2020-03-11 23:22:29,282 [WARNING] [TRADER] Below is the active order history:
2020-03-11 23:22:29,282 [WARNING] [TRADER] {}
2020-03-11 23:22:29,282 [WARNING] [TRADER] RAT MODE ACTIVATED
2020-03-11 23:22:29,283 [WARNING] [TRADER] We bought!
2020-03-11 23:22:29,283 [WARNING] [TRADER] Below is the active order history:
2020-03-11 23:22:29,283 [WARNING] [TRADER] {159: (159, 0)}
2020-03-11 23:22:29,285 [WARNING] [TRADER] Total fees: -12804.000000
2020-03-11 23:22:29,532 [WARNING] [TRADER] Below is the active order history:
2020-03-11 23:22:29,532 [WARNING] [TRADER] {159: (159, 1)}
2020-03-11 23:22:29,533 [WARNING] [TRADER] RAT MODE ACTIVATED
2020-03-11 23:22:29,533 [WARNING] [TRADER] We bought!
2020-03-11 23:22:29,533 [WARNING] [TRADER] Below is the active order history:
2020-03-11 23:22:29,534 [WARNING] [TRADER] {159: (159, 2), 160: (160, 1)}
2020-03-11 23:22:29,536 [WARNING] [TRADER] Total fees: -12804.000000
2020-03-11 23:22:29,777 [WARNING] [TRADER] Total fees: -12838.000000
2020-03-11 23:22:29,777 [WARNING] [TRADER] Our position is: -35
2020-03-11 23:22:29,778 [WARNING] [TRADER] Total fees: -12872.000000
2020-03-11 23:22:29,779 [WARNING] [TRADER] Our position is: -34
2020-03-11 23:22:29,781 [WARNING] [TRADER] Below is the active order history:
2020-03-11 23:22:29,782 [WARNING] [TRADER] {}
2020-03-11 23:22:29,782 [WARNING] [TRADER] RAT MODE ACTIVATED
2020-03-11 23:22:29,782 [WARNING] [TRADER] We bought!
2020-03-11 23:22:29,783 [WARNING] [TRADER] Below is the active order history:
2020-03-11 23:22:29,783 [WARNING] [TRADER] {161: (161, 1)}
2020-03-11 23:22:29,786 [WARNING] [TRADER] Total fees: -12872.000000
2020-03-11 23:22:30,033 [WARNING] [TRADER] Below is the active order history:
2020-03-11 23:22:30,034 [WARNING] [TRADER] {161: (161, 2)}
2020-03-11 23:22:30,034 [WARNING] [TRADER] RAT MODE ACTIVATED
2020-03-11 23:22:30,034 [WARNING] [TRADER] We bought!
2020-03-11 23:22:30,035 [WARNING] [TRADER] Below is the active order history:
2020-03-11 23:22:30,035 [WARNING] [TRADER] {161: (161, 3), 162: (162, 1)}
2020-03-11 23:22:30,036 [WARNING] [TRADER] Total fees: -12872.000000
2020-03-11 23:22:30,037 [WARNING] [TRADER] Total fees: -12872.000000
2020-03-11 23:22:30,282 [WARNING] [TRADER] Below is the active order history:
2020-03-11 23:22:30,282 [WARNING] [TRADER] {162: (162, 2)}
2020-03-11 23:22:30,282 [WARNING] [TRADER] RAT MODE ACTIVATED
2020-03-11 23:22:30,283 [WARNING] [TRADER] We bought!
2020-03-11 23:22:30,283 [WARNING] [TRADER] Below is the active order history:
2020-03-11 23:22:30,283 [WARNING] [TRADER] {162: (162, 3), 163: (163, 1)}
2020-03-11 23:22:30,285 [WARNING] [TRADER] Total fees: -12872.000000
2020-03-11 23:22:30,286 [WARNING] [TRADER] Total fees: -12872.000000
2020-03-11 23:22:30,529 [WARNING] [TRADER] Below is the active order history:
2020-03-11 23:22:30,529 [WARNING] [TRADER] {163: (163, 2)}
2020-03-11 23:22:30,529 [WARNING] [TRADER] RAT MODE ACTIVATED
2020-03-11 23:22:30,529 [WARNING] [TRADER] We bought!
2020-03-11 23:22:30,530 [WARNING] [TRADER] Below is the active order history:
2020-03-11 23:22:30,530 [WARNING] [TRADER] {163: (163, 3), 164: (164, 1)}
2020-03-11 23:22:30,534 [WARNING] [TRADER] Total fees: -12872.000000
2020-03-11 23:22:30,535 [WARNING] [TRADER] Total fees: -12872.000000
2020-03-11 23:22:30,778 [WARNING] [TRADER] Below is the active order history:
2020-03-11 23:22:30,778 [WARNING] [TRADER] {164: (164, 2)}
2020-03-11 23:22:30,779 [WARNING] [TRADER] RAT MODE ACTIVATED
2020-03-11 23:22:30,779 [WARNING] [TRADER] We bought!
2020-03-11 23:22:30,779 [WARNING] [TRADER] Below is the active order history:
2020-03-11 23:22:30,780 [WARNING] [TRADER] {164: (164, 3), 165: (165, 1)}
2020-03-11 23:22:30,783 [WARNING] [TRADER] Total fees: -12872.000000
2020-03-11 23:22:30,784 [WARNING] [TRADER] Total fees: -12872.000000
2020-03-11 23:22:31,028 [WARNING] [TRADER] Total fees: -12906.000000
2020-03-11 23:22:31,028 [WARNING] [TRADER] Our position is: -33
2020-03-11 23:22:31,030 [WARNING] [TRADER] Below is the active order history:
2020-03-11 23:22:31,030 [WARNING] [TRADER] {}
2020-03-11 23:22:31,030 [WARNING] [TRADER] RAT MODE ACTIVATED
2020-03-11 23:22:31,031 [WARNING] [TRADER] We bought!
2020-03-11 23:22:31,031 [WARNING] [TRADER] Below is the active order history:
2020-03-11 23:22:31,032 [WARNING] [TRADER] {166: (166, 0)}
2020-03-11 23:22:31,035 [WARNING] [TRADER] Total fees: -12906.000000
2020-03-11 23:22:31,278 [WARNING] [TRADER] Below is the active order history:
2020-03-11 23:22:31,279 [WARNING] [TRADER] {166: (166, 1)}
2020-03-11 23:22:31,279 [WARNING] [TRADER] RAT MODE ACTIVATED
2020-03-11 23:22:31,279 [WARNING] [TRADER] We bought!
2020-03-11 23:22:31,281 [WARNING] [TRADER] Below is the active order history:
2020-03-11 23:22:31,281 [WARNING] [TRADER] {166: (166, 2), 167: (167, 1)}
2020-03-11 23:22:31,282 [WARNING] [TRADER] Total fees: -12838.000000
2020-03-11 23:22:31,283 [WARNING] [TRADER] Our position is: -32
2020-03-11 23:22:31,528 [WARNING] [TRADER] Total fees: -12872.000000
2020-03-11 23:22:31,529 [WARNING] [TRADER] Our position is: -31
2020-03-11 23:22:31,532 [WARNING] [TRADER] Below is the active order history:
2020-03-11 23:22:31,532 [WARNING] [TRADER] {}
2020-03-11 23:22:31,532 [WARNING] [TRADER] RAT MODE ACTIVATED
2020-03-11 23:22:31,533 [WARNING] [TRADER] We bought!
2020-03-11 23:22:31,533 [WARNING] [TRADER] Below is the active order history:
2020-03-11 23:22:31,533 [WARNING] [TRADER] {168: (168, 0)}
2020-03-11 23:22:31,536 [WARNING] [TRADER] Total fees: -12804.000000
2020-03-11 23:22:31,536 [WARNING] [TRADER] Our position is: -30
2020-03-11 23:22:31,779 [WARNING] [TRADER] Below is the active order history:
2020-03-11 23:22:31,780 [WARNING] [TRADER] {}
2020-03-11 23:22:31,780 [WARNING] [TRADER] RAT MODE ACTIVATED
2020-03-11 23:22:31,780 [WARNING] [TRADER] We bought!
2020-03-11 23:22:31,781 [WARNING] [TRADER] Below is the active order history:
2020-03-11 23:22:31,781 [WARNING] [TRADER] {169: (169, 0)}
2020-03-11 23:22:31,785 [WARNING] [TRADER] Total fees: -12736.000000
2020-03-11 23:22:31,786 [WARNING] [TRADER] Our position is: -29
2020-03-11 23:22:32,028 [WARNING] [TRADER] Below is the active order history:
2020-03-11 23:22:32,028 [WARNING] [TRADER] {}
2020-03-11 23:22:32,028 [WARNING] [TRADER] RAT MODE ACTIVATED
2020-03-11 23:22:32,029 [WARNING] [TRADER] We bought!
2020-03-11 23:22:32,029 [WARNING] [TRADER] Below is the active order history:
2020-03-11 23:22:32,029 [WARNING] [TRADER] {170: (170, 0)}
2020-03-11 23:22:32,032 [WARNING] [TRADER] Total fees: -12736.000000
2020-03-11 23:22:32,278 [WARNING] [TRADER] Total fees: -12770.000000
2020-03-11 23:22:32,279 [WARNING] [TRADER] Our position is: -28
2020-03-11 23:22:32,281 [WARNING] [TRADER] Below is the active order history:
2020-03-11 23:22:32,281 [WARNING] [TRADER] {}
2020-03-11 23:22:32,281 [WARNING] [TRADER] RAT MODE ACTIVATED
2020-03-11 23:22:32,281 [WARNING] [TRADER] We bought!
2020-03-11 23:22:32,282 [WARNING] [TRADER] Below is the active order history:
2020-03-11 23:22:32,282 [WARNING] [TRADER] {171: (171, 0)}
2020-03-11 23:22:32,287 [WARNING] [TRADER] Total fees: -12770.000000
2020-03-11 23:22:32,528 [WARNING] [TRADER] Below is the active order history:
2020-03-11 23:22:32,528 [WARNING] [TRADER] {171: (171, 1)}
2020-03-11 23:22:32,529 [WARNING] [TRADER] RAT MODE ACTIVATED
2020-03-11 23:22:32,529 [WARNING] [TRADER] We bought!
2020-03-11 23:22:32,529 [WARNING] [TRADER] Below is the active order history:
2020-03-11 23:22:32,530 [WARNING] [TRADER] {171: (171, 1), 172: (172, 0)}
2020-03-11 23:22:32,530 [WARNING] [TRADER] Total fees: -12770.000000
2020-03-11 23:22:32,536 [INFO   ] [APP] SIGINT signal received - shutting down...
2020-03-11 23:22:32,536 [INFO   ] [APP] closing event loop
